ERROR - 2023-06-21 00:28:41 --> mysqli_sql_exception: MySQL server has gone away in C:\xampp\htdocs\CI4Ade\system\Database\MySQLi\Connection.php:295
Stack trace:
#0 C:\xampp\htdocs\CI4Ade\system\Database\MySQLi\Connection.php(295): mysqli->query('SELECT `film`.*...', 0)
#1 C:\xampp\htdocs\CI4Ade\system\Database\BaseConnection.php(692): CodeIgniter\Database\MySQLi\Connection->execute('SELECT `film`.*...')
#2 C:\xampp\htdocs\CI4Ade\system\Database\BaseConnection.php(606): CodeIgniter\Database\BaseConnection->simpleQuery('SELECT `film`.*...')
#3 C:\xampp\htdocs\CI4Ade\system\Database\BaseBuilder.php(1616): CodeIgniter\Database\BaseConnection->query('SELECT `film`.*...', Array, false)
#4 C:\xampp\htdocs\CI4Ade\app\Models\FilmModel.php(58): CodeIgniter\Database\BaseBuilder->get()
#5 C:\xampp\htdocs\CI4Ade\app\Controllers\Film.php(31): App\Models\FilmModel->getAllDataJoin()
#6 C:\xampp\htdocs\CI4Ade\system\CodeIgniter.php(934): App\Controllers\Film->all()
#7 C:\xampp\htdocs\CI4Ade\system\CodeIgniter.php(499): CodeIgniter\CodeIgniter->runController(Object(App\Controllers\Film))
#8 C:\xampp\htdocs\CI4Ade\system\CodeIgniter.php(368): CodeIgniter\CodeIgniter->handleRequest(NULL, Object(Config\Cache), false)
#9 C:\xampp\htdocs\CI4Ade\public\index.php(67): CodeIgniter\CodeIgniter->run()
#10 C:\xampp\htdocs\CI4Ade\system\Commands\Server\rewrite.php(47): require_once('C:\\xampp\\htdocs...')
#11 {main}
CRITICAL - 2023-06-21 00:28:41 --> MySQL server has gone away
in SYSTEMPATH\Database\MySQLi\Connection.php on line 295.
 1 SYSTEMPATH\Database\MySQLi\Connection.php(295): mysqli->query('SELECT `film`.*, `genre`.`nama_genre`
FROM `film`
JOIN `genre` ON `genre`.`id_genre` = `film`.`id_genre`', 0)
 2 SYSTEMPATH\Database\BaseConnection.php(692): CodeIgniter\Database\MySQLi\Connection->execute('SELECT `film`.*, `genre`.`nama_genre`
FROM `film`
JOIN `genre` ON `genre`.`id_genre` = `film`.`id_genre`')
 3 SYSTEMPATH\Database\BaseConnection.php(606): CodeIgniter\Database\BaseConnection->simpleQuery('SELECT `film`.*, `genre`.`nama_genre`
FROM `film`
JOIN `genre` ON `genre`.`id_genre` = `film`.`id_genre`')
 4 SYSTEMPATH\Database\BaseBuilder.php(1616): CodeIgniter\Database\BaseConnection->query('SELECT `film`.*, `genre`.`nama_genre`
FROM `film`
JOIN `genre` ON `genre`.`id_genre` = `film`.`id_genre`', [], false)
 5 APPPATH\Models\FilmModel.php(58): CodeIgniter\Database\BaseBuilder->get()
 6 APPPATH\Controllers\Film.php(31): App\Models\FilmModel->getAllDataJoin()
 7 SYSTEMPATH\CodeIgniter.php(934): App\Controllers\Film->all()
 8 SYSTEMPATH\CodeIgniter.php(499): CodeIgniter\CodeIgniter->runController(Object(App\Controllers\Film))
 9 SYSTEMPATH\CodeIgniter.php(368): CodeIgniter\CodeIgniter->handleRequest(null, Object(Config\Cache), false)
10 FCPATH\index.php(67): CodeIgniter\CodeIgniter->run()
11 SYSTEMPATH\Commands\Server\rewrite.php(47): require_once('C:\\xampp\\htdocs\\CI4Ade\\public\\index.php')
ERROR - 2023-06-21 00:29:13 --> Error connecting to the database: mysqli_sql_exception: No connection could be made because the target machine actively refused it in C:\xampp\htdocs\CI4Ade\system\Database\MySQLi\Connection.php:174
Stack trace:
#0 C:\xampp\htdocs\CI4Ade\system\Database\MySQLi\Connection.php(174): mysqli->real_connect('localhost', 'root', '', 'db_film', 3306, '', 0)
#1 C:\xampp\htdocs\CI4Ade\system\Database\BaseConnection.php(391): CodeIgniter\Database\MySQLi\Connection->connect(false)
#2 C:\xampp\htdocs\CI4Ade\system\Database\BaseConnection.php(574): CodeIgniter\Database\BaseConnection->initialize()
#3 C:\xampp\htdocs\CI4Ade\system\Database\BaseBuilder.php(1616): CodeIgniter\Database\BaseConnection->query('SELECT `film`.*...', Array, false)
#4 C:\xampp\htdocs\CI4Ade\app\Models\FilmModel.php(58): CodeIgniter\Database\BaseBuilder->get()
#5 C:\xampp\htdocs\CI4Ade\app\Controllers\Film.php(31): App\Models\FilmModel->getAllDataJoin()
#6 C:\xampp\htdocs\CI4Ade\system\CodeIgniter.php(934): App\Controllers\Film->all()
#7 C:\xampp\htdocs\CI4Ade\system\CodeIgniter.php(499): CodeIgniter\CodeIgniter->runController(Object(App\Controllers\Film))
#8 C:\xampp\htdocs\CI4Ade\system\CodeIgniter.php(368): CodeIgniter\CodeIgniter->handleRequest(NULL, Object(Config\Cache), false)
#9 C:\xampp\htdocs\CI4Ade\public\index.php(67): CodeIgniter\CodeIgniter->run()
#10 C:\xampp\htdocs\CI4Ade\system\Commands\Server\rewrite.php(47): require_once('C:\\xampp\\htdocs...')
#11 {main}

Next CodeIgniter\Database\Exceptions\DatabaseException: No connection could be made because the target machine actively refused it in C:\xampp\htdocs\CI4Ade\system\Database\MySQLi\Connection.php:218
Stack trace:
#0 C:\xampp\htdocs\CI4Ade\system\Database\BaseConnection.php(391): CodeIgniter\Database\MySQLi\Connection->connect(false)
#1 C:\xampp\htdocs\CI4Ade\system\Database\BaseConnection.php(574): CodeIgniter\Database\BaseConnection->initialize()
#2 C:\xampp\htdocs\CI4Ade\system\Database\BaseBuilder.php(1616): CodeIgniter\Database\BaseConnection->query('SELECT `film`.*...', Array, false)
#3 C:\xampp\htdocs\CI4Ade\app\Models\FilmModel.php(58): CodeIgniter\Database\BaseBuilder->get()
#4 C:\xampp\htdocs\CI4Ade\app\Controllers\Film.php(31): App\Models\FilmModel->getAllDataJoin()
#5 C:\xampp\htdocs\CI4Ade\system\CodeIgniter.php(934): App\Controllers\Film->all()
#6 C:\xampp\htdocs\CI4Ade\system\CodeIgniter.php(499): CodeIgniter\CodeIgniter->runController(Object(App\Controllers\Film))
#7 C:\xampp\htdocs\CI4Ade\system\CodeIgniter.php(368): CodeIgniter\CodeIgniter->handleRequest(NULL, Object(Config\Cache), false)
#8 C:\xampp\htdocs\CI4Ade\public\index.php(67): CodeIgniter\CodeIgniter->run()
#9 C:\xampp\htdocs\CI4Ade\system\Commands\Server\rewrite.php(47): require_once('C:\\xampp\\htdocs...')
#10 {main}
CRITICAL - 2023-06-21 00:29:13 --> Unable to connect to the database.
Main connection [MySQLi]: No connection could be made because the target machine actively refused it
in SYSTEMPATH\Database\BaseConnection.php on line 427.
 1 SYSTEMPATH\Database\BaseConnection.php(574): CodeIgniter\Database\BaseConnection->initialize()
 2 SYSTEMPATH\Database\BaseBuilder.php(1616): CodeIgniter\Database\BaseConnection->query('SELECT `film`.*, `genre`.`nama_genre`
FROM `film`
JOIN `genre` ON `genre`.`id_genre` = `film`.`id_genre`', [], false)
 3 APPPATH\Models\FilmModel.php(58): CodeIgniter\Database\BaseBuilder->get()
 4 APPPATH\Controllers\Film.php(31): App\Models\FilmModel->getAllDataJoin()
 5 SYSTEMPATH\CodeIgniter.php(934): App\Controllers\Film->all()
 6 SYSTEMPATH\CodeIgniter.php(499): CodeIgniter\CodeIgniter->runController(Object(App\Controllers\Film))
 7 SYSTEMPATH\CodeIgniter.php(368): CodeIgniter\CodeIgniter->handleRequest(null, Object(Config\Cache), false)
 8 FCPATH\index.php(67): CodeIgniter\CodeIgniter->run()
 9 SYSTEMPATH\Commands\Server\rewrite.php(47): require_once('C:\\xampp\\htdocs\\CI4Ade\\public\\index.php')
CRITICAL - 2023-06-21 00:38:44 --> Invalid file: "film/add.php"
in SYSTEMPATH\Exceptions\FrameworkException.php on line 33.
 1 SYSTEMPATH\View\View.php(201): CodeIgniter\Exceptions\FrameworkException::forInvalidFile('film/add.php')
 2 SYSTEMPATH\Common.php(1184): CodeIgniter\View\View->render('film/add', [], true)
 3 APPPATH\Controllers\Film.php(37): view('film/add')
 4 SYSTEMPATH\CodeIgniter.php(934): App\Controllers\Film->add()
 5 SYSTEMPATH\CodeIgniter.php(499): CodeIgniter\CodeIgniter->runController(Object(App\Controllers\Film))
 6 SYSTEMPATH\CodeIgniter.php(368): CodeIgniter\CodeIgniter->handleRequest(null, Object(Config\Cache), false)
 7 FCPATH\index.php(67): CodeIgniter\CodeIgniter->run()
 8 SYSTEMPATH\Commands\Server\rewrite.php(47): require_once('C:\\xampp\\htdocs\\CI4Ade\\public\\index.php')
CRITICAL - 2023-06-21 00:46:57 --> syntax error, unexpected variable "$this", expecting "," or ";"
in APPPATH\Views\film\add.php on line 2.
 1 SYSTEMPATH\View\View.php(216): CodeIgniter\View\View->CodeIgniter\View\{closure}()
 2 SYSTEMPATH\Common.php(1184): CodeIgniter\View\View->render('film/add', [], true)
 3 APPPATH\Controllers\Film.php(37): view('film/add')
 4 SYSTEMPATH\CodeIgniter.php(934): App\Controllers\Film->add()
 5 SYSTEMPATH\CodeIgniter.php(499): CodeIgniter\CodeIgniter->runController(Object(App\Controllers\Film))
 6 SYSTEMPATH\CodeIgniter.php(368): CodeIgniter\CodeIgniter->handleRequest(null, Object(Config\Cache), false)
 7 FCPATH\index.php(67): CodeIgniter\CodeIgniter->run()
 8 SYSTEMPATH\Commands\Server\rewrite.php(47): require_once('C:\\xampp\\htdocs\\CI4Ade\\public\\index.php')
CRITICAL - 2023-06-21 00:47:03 --> syntax error, unexpected variable "$this", expecting "," or ";"
in APPPATH\Views\film\add.php on line 2.
 1 SYSTEMPATH\View\View.php(216): CodeIgniter\View\View->CodeIgniter\View\{closure}()
 2 SYSTEMPATH\Common.php(1184): CodeIgniter\View\View->render('film/add', [], true)
 3 APPPATH\Controllers\Film.php(37): view('film/add')
 4 SYSTEMPATH\CodeIgniter.php(934): App\Controllers\Film->add()
 5 SYSTEMPATH\CodeIgniter.php(499): CodeIgniter\CodeIgniter->runController(Object(App\Controllers\Film))
 6 SYSTEMPATH\CodeIgniter.php(368): CodeIgniter\CodeIgniter->handleRequest(null, Object(Config\Cache), false)
 7 FCPATH\index.php(67): CodeIgniter\CodeIgniter->run()
 8 SYSTEMPATH\Commands\Server\rewrite.php(47): require_once('C:\\xampp\\htdocs\\CI4Ade\\public\\index.php')
CRITICAL - 2023-06-21 02:12:14 --> Call to undefined method App\Models\GenreModel::getGenre
in SYSTEMPATH\Model.php on line 842.
 1 APPPATH\Controllers\Genre.php(26): CodeIgniter\Model->__call('getGenre', [])
 2 SYSTEMPATH\CodeIgniter.php(934): App\Controllers\Genre->index()
 3 SYSTEMPATH\CodeIgniter.php(499): CodeIgniter\CodeIgniter->runController(Object(App\Controllers\Genre))
 4 SYSTEMPATH\CodeIgniter.php(368): CodeIgniter\CodeIgniter->handleRequest(null, Object(Config\Cache), false)
 5 FCPATH\index.php(67): CodeIgniter\CodeIgniter->run()
 6 SYSTEMPATH\Commands\Server\rewrite.php(47): require_once('C:\\xampp\\htdocs\\CI4Ade\\public\\index.php')
CRITICAL - 2023-06-21 02:14:37 --> Call to undefined method App\Models\GenreModel::getGenre
in SYSTEMPATH\Model.php on line 842.
 1 APPPATH\Controllers\Genre.php(26): CodeIgniter\Model->__call('getGenre', [])
 2 SYSTEMPATH\CodeIgniter.php(934): App\Controllers\Genre->index()
 3 SYSTEMPATH\CodeIgniter.php(499): CodeIgniter\CodeIgniter->runController(Object(App\Controllers\Genre))
 4 SYSTEMPATH\CodeIgniter.php(368): CodeIgniter\CodeIgniter->handleRequest(null, Object(Config\Cache), false)
 5 FCPATH\index.php(67): CodeIgniter\CodeIgniter->run()
 6 SYSTEMPATH\Commands\Server\rewrite.php(47): require_once('C:\\xampp\\htdocs\\CI4Ade\\public\\index.php')
CRITICAL - 2023-06-21 02:15:39 --> Call to undefined method App\Models\GenreModel::getGenre
in SYSTEMPATH\Model.php on line 842.
 1 APPPATH\Controllers\Genre.php(26): CodeIgniter\Model->__call('getGenre', [])
 2 SYSTEMPATH\CodeIgniter.php(934): App\Controllers\Genre->index()
 3 SYSTEMPATH\CodeIgniter.php(499): CodeIgniter\CodeIgniter->runController(Object(App\Controllers\Genre))
 4 SYSTEMPATH\CodeIgniter.php(368): CodeIgniter\CodeIgniter->handleRequest(null, Object(Config\Cache), false)
 5 FCPATH\index.php(67): CodeIgniter\CodeIgniter->run()
 6 SYSTEMPATH\Commands\Server\rewrite.php(47): require_once('C:\\xampp\\htdocs\\CI4Ade\\public\\index.php')
CRITICAL - 2023-06-21 02:15:41 --> Call to undefined method App\Models\GenreModel::getGenre
in SYSTEMPATH\Model.php on line 842.
 1 APPPATH\Controllers\Genre.php(26): CodeIgniter\Model->__call('getGenre', [])
 2 SYSTEMPATH\CodeIgniter.php(934): App\Controllers\Genre->index()
 3 SYSTEMPATH\CodeIgniter.php(499): CodeIgniter\CodeIgniter->runController(Object(App\Controllers\Genre))
 4 SYSTEMPATH\CodeIgniter.php(368): CodeIgniter\CodeIgniter->handleRequest(null, Object(Config\Cache), false)
 5 FCPATH\index.php(67): CodeIgniter\CodeIgniter->run()
 6 SYSTEMPATH\Commands\Server\rewrite.php(47): require_once('C:\\xampp\\htdocs\\CI4Ade\\public\\index.php')
CRITICAL - 2023-06-21 02:15:42 --> Call to undefined method App\Models\GenreModel::getGenre
in SYSTEMPATH\Model.php on line 842.
 1 APPPATH\Controllers\Genre.php(26): CodeIgniter\Model->__call('getGenre', [])
 2 SYSTEMPATH\CodeIgniter.php(934): App\Controllers\Genre->index()
 3 SYSTEMPATH\CodeIgniter.php(499): CodeIgniter\CodeIgniter->runController(Object(App\Controllers\Genre))
 4 SYSTEMPATH\CodeIgniter.php(368): CodeIgniter\CodeIgniter->handleRequest(null, Object(Config\Cache), false)
 5 FCPATH\index.php(67): CodeIgniter\CodeIgniter->run()
 6 SYSTEMPATH\Commands\Server\rewrite.php(47): require_once('C:\\xampp\\htdocs\\CI4Ade\\public\\index.php')
CRITICAL - 2023-06-21 02:15:42 --> Call to undefined method App\Models\GenreModel::getGenre
in SYSTEMPATH\Model.php on line 842.
 1 APPPATH\Controllers\Genre.php(26): CodeIgniter\Model->__call('getGenre', [])
 2 SYSTEMPATH\CodeIgniter.php(934): App\Controllers\Genre->index()
 3 SYSTEMPATH\CodeIgniter.php(499): CodeIgniter\CodeIgniter->runController(Object(App\Controllers\Genre))
 4 SYSTEMPATH\CodeIgniter.php(368): CodeIgniter\CodeIgniter->handleRequest(null, Object(Config\Cache), false)
 5 FCPATH\index.php(67): CodeIgniter\CodeIgniter->run()
 6 SYSTEMPATH\Commands\Server\rewrite.php(47): require_once('C:\\xampp\\htdocs\\CI4Ade\\public\\index.php')
CRITICAL - 2023-06-21 02:15:42 --> Call to undefined method App\Models\GenreModel::getGenre
in SYSTEMPATH\Model.php on line 842.
 1 APPPATH\Controllers\Genre.php(26): CodeIgniter\Model->__call('getGenre', [])
 2 SYSTEMPATH\CodeIgniter.php(934): App\Controllers\Genre->index()
 3 SYSTEMPATH\CodeIgniter.php(499): CodeIgniter\CodeIgniter->runController(Object(App\Controllers\Genre))
 4 SYSTEMPATH\CodeIgniter.php(368): CodeIgniter\CodeIgniter->handleRequest(null, Object(Config\Cache), false)
 5 FCPATH\index.php(67): CodeIgniter\CodeIgniter->run()
 6 SYSTEMPATH\Commands\Server\rewrite.php(47): require_once('C:\\xampp\\htdocs\\CI4Ade\\public\\index.php')
CRITICAL - 2023-06-21 02:15:43 --> Call to undefined method App\Models\GenreModel::getGenre
in SYSTEMPATH\Model.php on line 842.
 1 APPPATH\Controllers\Genre.php(26): CodeIgniter\Model->__call('getGenre', [])
 2 SYSTEMPATH\CodeIgniter.php(934): App\Controllers\Genre->index()
 3 SYSTEMPATH\CodeIgniter.php(499): CodeIgniter\CodeIgniter->runController(Object(App\Controllers\Genre))
 4 SYSTEMPATH\CodeIgniter.php(368): CodeIgniter\CodeIgniter->handleRequest(null, Object(Config\Cache), false)
 5 FCPATH\index.php(67): CodeIgniter\CodeIgniter->run()
 6 SYSTEMPATH\Commands\Server\rewrite.php(47): require_once('C:\\xampp\\htdocs\\CI4Ade\\public\\index.php')
CRITICAL - 2023-06-21 02:15:43 --> Call to undefined method App\Models\GenreModel::getGenre
in SYSTEMPATH\Model.php on line 842.
 1 APPPATH\Controllers\Genre.php(26): CodeIgniter\Model->__call('getGenre', [])
 2 SYSTEMPATH\CodeIgniter.php(934): App\Controllers\Genre->index()
 3 SYSTEMPATH\CodeIgniter.php(499): CodeIgniter\CodeIgniter->runController(Object(App\Controllers\Genre))
 4 SYSTEMPATH\CodeIgniter.php(368): CodeIgniter\CodeIgniter->handleRequest(null, Object(Config\Cache), false)
 5 FCPATH\index.php(67): CodeIgniter\CodeIgniter->run()
 6 SYSTEMPATH\Commands\Server\rewrite.php(47): require_once('C:\\xampp\\htdocs\\CI4Ade\\public\\index.php')
CRITICAL - 2023-06-21 02:15:43 --> Call to undefined method App\Models\GenreModel::getGenre
in SYSTEMPATH\Model.php on line 842.
 1 APPPATH\Controllers\Genre.php(26): CodeIgniter\Model->__call('getGenre', [])
 2 SYSTEMPATH\CodeIgniter.php(934): App\Controllers\Genre->index()
 3 SYSTEMPATH\CodeIgniter.php(499): CodeIgniter\CodeIgniter->runController(Object(App\Controllers\Genre))
 4 SYSTEMPATH\CodeIgniter.php(368): CodeIgniter\CodeIgniter->handleRequest(null, Object(Config\Cache), false)
 5 FCPATH\index.php(67): CodeIgniter\CodeIgniter->run()
 6 SYSTEMPATH\Commands\Server\rewrite.php(47): require_once('C:\\xampp\\htdocs\\CI4Ade\\public\\index.php')
CRITICAL - 2023-06-21 02:15:57 --> Call to undefined method App\Models\GenreModel::getGenre
in SYSTEMPATH\Model.php on line 842.
 1 APPPATH\Controllers\Genre.php(26): CodeIgniter\Model->__call('getGenre', [])
 2 SYSTEMPATH\CodeIgniter.php(934): App\Controllers\Genre->index()
 3 SYSTEMPATH\CodeIgniter.php(499): CodeIgniter\CodeIgniter->runController(Object(App\Controllers\Genre))
 4 SYSTEMPATH\CodeIgniter.php(368): CodeIgniter\CodeIgniter->handleRequest(null, Object(Config\Cache), false)
 5 FCPATH\index.php(67): CodeIgniter\CodeIgniter->run()
 6 SYSTEMPATH\Commands\Server\rewrite.php(47): require_once('C:\\xampp\\htdocs\\CI4Ade\\public\\index.php')
CRITICAL - 2023-06-21 02:16:05 --> Call to undefined method App\Models\GenreModel::getGenre
in SYSTEMPATH\Model.php on line 842.
 1 APPPATH\Controllers\Genre.php(26): CodeIgniter\Model->__call('getGenre', [])
 2 SYSTEMPATH\CodeIgniter.php(934): App\Controllers\Genre->index()
 3 SYSTEMPATH\CodeIgniter.php(499): CodeIgniter\CodeIgniter->runController(Object(App\Controllers\Genre))
 4 SYSTEMPATH\CodeIgniter.php(368): CodeIgniter\CodeIgniter->handleRequest(null, Object(Config\Cache), false)
 5 FCPATH\index.php(67): CodeIgniter\CodeIgniter->run()
 6 SYSTEMPATH\Commands\Server\rewrite.php(47): require_once('C:\\xampp\\htdocs\\CI4Ade\\public\\index.php')
CRITICAL - 2023-06-21 02:17:11 --> Call to undefined method App\Models\GenreModel::getGenre
in SYSTEMPATH\Model.php on line 842.
 1 APPPATH\Controllers\Genre.php(26): CodeIgniter\Model->__call('getGenre', [])
 2 SYSTEMPATH\CodeIgniter.php(934): App\Controllers\Genre->index()
 3 SYSTEMPATH\CodeIgniter.php(499): CodeIgniter\CodeIgniter->runController(Object(App\Controllers\Genre))
 4 SYSTEMPATH\CodeIgniter.php(368): CodeIgniter\CodeIgniter->handleRequest(null, Object(Config\Cache), false)
 5 FCPATH\index.php(67): CodeIgniter\CodeIgniter->run()
 6 SYSTEMPATH\Commands\Server\rewrite.php(47): require_once('C:\\xampp\\htdocs\\CI4Ade\\public\\index.php')
CRITICAL - 2023-06-21 02:17:26 --> Call to undefined method App\Models\GenreModel::getGenre
in SYSTEMPATH\Model.php on line 842.
 1 APPPATH\Controllers\Genre.php(26): CodeIgniter\Model->__call('getGenre', [])
 2 SYSTEMPATH\CodeIgniter.php(934): App\Controllers\Genre->index()
 3 SYSTEMPATH\CodeIgniter.php(499): CodeIgniter\CodeIgniter->runController(Object(App\Controllers\Genre))
 4 SYSTEMPATH\CodeIgniter.php(368): CodeIgniter\CodeIgniter->handleRequest(null, Object(Config\Cache), false)
 5 FCPATH\index.php(67): CodeIgniter\CodeIgniter->run()
 6 SYSTEMPATH\Commands\Server\rewrite.php(47): require_once('C:\\xampp\\htdocs\\CI4Ade\\public\\index.php')
CRITICAL - 2023-06-21 02:17:59 --> Call to undefined method App\Models\GenreModel::getGenre
in SYSTEMPATH\Model.php on line 842.
 1 APPPATH\Controllers\Genre.php(26): CodeIgniter\Model->__call('getGenre', [])
 2 SYSTEMPATH\CodeIgniter.php(934): App\Controllers\Genre->index()
 3 SYSTEMPATH\CodeIgniter.php(499): CodeIgniter\CodeIgniter->runController(Object(App\Controllers\Genre))
 4 SYSTEMPATH\CodeIgniter.php(368): CodeIgniter\CodeIgniter->handleRequest(null, Object(Config\Cache), false)
 5 FCPATH\index.php(67): CodeIgniter\CodeIgniter->run()
 6 SYSTEMPATH\Commands\Server\rewrite.php(47): require_once('C:\\xampp\\htdocs\\CI4Ade\\public\\index.php')
CRITICAL - 2023-06-21 02:18:00 --> Call to undefined method App\Models\GenreModel::getGenre
in SYSTEMPATH\Model.php on line 842.
 1 APPPATH\Controllers\Genre.php(26): CodeIgniter\Model->__call('getGenre', [])
 2 SYSTEMPATH\CodeIgniter.php(934): App\Controllers\Genre->index()
 3 SYSTEMPATH\CodeIgniter.php(499): CodeIgniter\CodeIgniter->runController(Object(App\Controllers\Genre))
 4 SYSTEMPATH\CodeIgniter.php(368): CodeIgniter\CodeIgniter->handleRequest(null, Object(Config\Cache), false)
 5 FCPATH\index.php(67): CodeIgniter\CodeIgniter->run()
 6 SYSTEMPATH\Commands\Server\rewrite.php(47): require_once('C:\\xampp\\htdocs\\CI4Ade\\public\\index.php')
CRITICAL - 2023-06-21 02:18:23 --> Call to undefined method App\Models\GenreModel::getGenre
in SYSTEMPATH\Model.php on line 842.
 1 APPPATH\Controllers\Genre.php(26): CodeIgniter\Model->__call('getGenre', [])
 2 SYSTEMPATH\CodeIgniter.php(934): App\Controllers\Genre->index()
 3 SYSTEMPATH\CodeIgniter.php(499): CodeIgniter\CodeIgniter->runController(Object(App\Controllers\Genre))
 4 SYSTEMPATH\CodeIgniter.php(368): CodeIgniter\CodeIgniter->handleRequest(null, Object(Config\Cache), false)
 5 FCPATH\index.php(67): CodeIgniter\CodeIgniter->run()
 6 SYSTEMPATH\Commands\Server\rewrite.php(47): require_once('C:\\xampp\\htdocs\\CI4Ade\\public\\index.php')
CRITICAL - 2023-06-21 02:18:24 --> Call to undefined method App\Models\GenreModel::getGenre
in SYSTEMPATH\Model.php on line 842.
 1 APPPATH\Controllers\Genre.php(26): CodeIgniter\Model->__call('getGenre', [])
 2 SYSTEMPATH\CodeIgniter.php(934): App\Controllers\Genre->index()
 3 SYSTEMPATH\CodeIgniter.php(499): CodeIgniter\CodeIgniter->runController(Object(App\Controllers\Genre))
 4 SYSTEMPATH\CodeIgniter.php(368): CodeIgniter\CodeIgniter->handleRequest(null, Object(Config\Cache), false)
 5 FCPATH\index.php(67): CodeIgniter\CodeIgniter->run()
 6 SYSTEMPATH\Commands\Server\rewrite.php(47): require_once('C:\\xampp\\htdocs\\CI4Ade\\public\\index.php')
CRITICAL - 2023-06-21 02:18:26 --> Call to undefined method App\Models\GenreModel::getGenre
in SYSTEMPATH\Model.php on line 842.
 1 APPPATH\Controllers\Genre.php(26): CodeIgniter\Model->__call('getGenre', [])
 2 SYSTEMPATH\CodeIgniter.php(934): App\Controllers\Genre->index()
 3 SYSTEMPATH\CodeIgniter.php(499): CodeIgniter\CodeIgniter->runController(Object(App\Controllers\Genre))
 4 SYSTEMPATH\CodeIgniter.php(368): CodeIgniter\CodeIgniter->handleRequest(null, Object(Config\Cache), false)
 5 FCPATH\index.php(67): CodeIgniter\CodeIgniter->run()
 6 SYSTEMPATH\Commands\Server\rewrite.php(47): require_once('C:\\xampp\\htdocs\\CI4Ade\\public\\index.php')
CRITICAL - 2023-06-21 02:21:33 --> Call to undefined method App\Models\GenreModel::getGenre
in SYSTEMPATH\Model.php on line 842.
 1 APPPATH\Controllers\Genre.php(26): CodeIgniter\Model->__call('getGenre', [])
 2 SYSTEMPATH\CodeIgniter.php(934): App\Controllers\Genre->index()
 3 SYSTEMPATH\CodeIgniter.php(499): CodeIgniter\CodeIgniter->runController(Object(App\Controllers\Genre))
 4 SYSTEMPATH\CodeIgniter.php(368): CodeIgniter\CodeIgniter->handleRequest(null, Object(Config\Cache), false)
 5 FCPATH\index.php(67): CodeIgniter\CodeIgniter->run()
 6 SYSTEMPATH\Commands\Server\rewrite.php(47): require_once('C:\\xampp\\htdocs\\CI4Ade\\public\\index.php')
CRITICAL - 2023-06-21 02:21:34 --> Call to undefined method App\Models\GenreModel::getGenre
in SYSTEMPATH\Model.php on line 842.
 1 APPPATH\Controllers\Genre.php(26): CodeIgniter\Model->__call('getGenre', [])
 2 SYSTEMPATH\CodeIgniter.php(934): App\Controllers\Genre->index()
 3 SYSTEMPATH\CodeIgniter.php(499): CodeIgniter\CodeIgniter->runController(Object(App\Controllers\Genre))
 4 SYSTEMPATH\CodeIgniter.php(368): CodeIgniter\CodeIgniter->handleRequest(null, Object(Config\Cache), false)
 5 FCPATH\index.php(67): CodeIgniter\CodeIgniter->run()
 6 SYSTEMPATH\Commands\Server\rewrite.php(47): require_once('C:\\xampp\\htdocs\\CI4Ade\\public\\index.php')
CRITICAL - 2023-06-21 02:21:34 --> Call to undefined method App\Models\GenreModel::getGenre
in SYSTEMPATH\Model.php on line 842.
 1 APPPATH\Controllers\Genre.php(26): CodeIgniter\Model->__call('getGenre', [])
 2 SYSTEMPATH\CodeIgniter.php(934): App\Controllers\Genre->index()
 3 SYSTEMPATH\CodeIgniter.php(499): CodeIgniter\CodeIgniter->runController(Object(App\Controllers\Genre))
 4 SYSTEMPATH\CodeIgniter.php(368): CodeIgniter\CodeIgniter->handleRequest(null, Object(Config\Cache), false)
 5 FCPATH\index.php(67): CodeIgniter\CodeIgniter->run()
 6 SYSTEMPATH\Commands\Server\rewrite.php(47): require_once('C:\\xampp\\htdocs\\CI4Ade\\public\\index.php')
CRITICAL - 2023-06-21 02:21:35 --> Call to undefined method App\Models\GenreModel::getGenre
in SYSTEMPATH\Model.php on line 842.
 1 APPPATH\Controllers\Genre.php(26): CodeIgniter\Model->__call('getGenre', [])
 2 SYSTEMPATH\CodeIgniter.php(934): App\Controllers\Genre->index()
 3 SYSTEMPATH\CodeIgniter.php(499): CodeIgniter\CodeIgniter->runController(Object(App\Controllers\Genre))
 4 SYSTEMPATH\CodeIgniter.php(368): CodeIgniter\CodeIgniter->handleRequest(null, Object(Config\Cache), false)
 5 FCPATH\index.php(67): CodeIgniter\CodeIgniter->run()
 6 SYSTEMPATH\Commands\Server\rewrite.php(47): require_once('C:\\xampp\\htdocs\\CI4Ade\\public\\index.php')
CRITICAL - 2023-06-21 02:21:35 --> Call to undefined method App\Models\GenreModel::getGenre
in SYSTEMPATH\Model.php on line 842.
 1 APPPATH\Controllers\Genre.php(26): CodeIgniter\Model->__call('getGenre', [])
 2 SYSTEMPATH\CodeIgniter.php(934): App\Controllers\Genre->index()
 3 SYSTEMPATH\CodeIgniter.php(499): CodeIgniter\CodeIgniter->runController(Object(App\Controllers\Genre))
 4 SYSTEMPATH\CodeIgniter.php(368): CodeIgniter\CodeIgniter->handleRequest(null, Object(Config\Cache), false)
 5 FCPATH\index.php(67): CodeIgniter\CodeIgniter->run()
 6 SYSTEMPATH\Commands\Server\rewrite.php(47): require_once('C:\\xampp\\htdocs\\CI4Ade\\public\\index.php')
CRITICAL - 2023-06-21 02:21:35 --> Call to undefined method App\Models\GenreModel::getGenre
in SYSTEMPATH\Model.php on line 842.
 1 APPPATH\Controllers\Genre.php(26): CodeIgniter\Model->__call('getGenre', [])
 2 SYSTEMPATH\CodeIgniter.php(934): App\Controllers\Genre->index()
 3 SYSTEMPATH\CodeIgniter.php(499): CodeIgniter\CodeIgniter->runController(Object(App\Controllers\Genre))
 4 SYSTEMPATH\CodeIgniter.php(368): CodeIgniter\CodeIgniter->handleRequest(null, Object(Config\Cache), false)
 5 FCPATH\index.php(67): CodeIgniter\CodeIgniter->run()
 6 SYSTEMPATH\Commands\Server\rewrite.php(47): require_once('C:\\xampp\\htdocs\\CI4Ade\\public\\index.php')
CRITICAL - 2023-06-21 02:21:36 --> Call to undefined method App\Models\GenreModel::getGenre
in SYSTEMPATH\Model.php on line 842.
 1 APPPATH\Controllers\Genre.php(26): CodeIgniter\Model->__call('getGenre', [])
 2 SYSTEMPATH\CodeIgniter.php(934): App\Controllers\Genre->index()
 3 SYSTEMPATH\CodeIgniter.php(499): CodeIgniter\CodeIgniter->runController(Object(App\Controllers\Genre))
 4 SYSTEMPATH\CodeIgniter.php(368): CodeIgniter\CodeIgniter->handleRequest(null, Object(Config\Cache), false)
 5 FCPATH\index.php(67): CodeIgniter\CodeIgniter->run()
 6 SYSTEMPATH\Commands\Server\rewrite.php(47): require_once('C:\\xampp\\htdocs\\CI4Ade\\public\\index.php')
CRITICAL - 2023-06-21 02:21:36 --> Call to undefined method App\Models\GenreModel::getGenre
in SYSTEMPATH\Model.php on line 842.
 1 APPPATH\Controllers\Genre.php(26): CodeIgniter\Model->__call('getGenre', [])
 2 SYSTEMPATH\CodeIgniter.php(934): App\Controllers\Genre->index()
 3 SYSTEMPATH\CodeIgniter.php(499): CodeIgniter\CodeIgniter->runController(Object(App\Controllers\Genre))
 4 SYSTEMPATH\CodeIgniter.php(368): CodeIgniter\CodeIgniter->handleRequest(null, Object(Config\Cache), false)
 5 FCPATH\index.php(67): CodeIgniter\CodeIgniter->run()
 6 SYSTEMPATH\Commands\Server\rewrite.php(47): require_once('C:\\xampp\\htdocs\\CI4Ade\\public\\index.php')
CRITICAL - 2023-06-21 02:21:36 --> Call to undefined method App\Models\GenreModel::getGenre
in SYSTEMPATH\Model.php on line 842.
 1 APPPATH\Controllers\Genre.php(26): CodeIgniter\Model->__call('getGenre', [])
 2 SYSTEMPATH\CodeIgniter.php(934): App\Controllers\Genre->index()
 3 SYSTEMPATH\CodeIgniter.php(499): CodeIgniter\CodeIgniter->runController(Object(App\Controllers\Genre))
 4 SYSTEMPATH\CodeIgniter.php(368): CodeIgniter\CodeIgniter->handleRequest(null, Object(Config\Cache), false)
 5 FCPATH\index.php(67): CodeIgniter\CodeIgniter->run()
 6 SYSTEMPATH\Commands\Server\rewrite.php(47): require_once('C:\\xampp\\htdocs\\CI4Ade\\public\\index.php')
CRITICAL - 2023-06-21 02:21:36 --> Call to undefined method App\Models\GenreModel::getGenre
in SYSTEMPATH\Model.php on line 842.
 1 APPPATH\Controllers\Genre.php(26): CodeIgniter\Model->__call('getGenre', [])
 2 SYSTEMPATH\CodeIgniter.php(934): App\Controllers\Genre->index()
 3 SYSTEMPATH\CodeIgniter.php(499): CodeIgniter\CodeIgniter->runController(Object(App\Controllers\Genre))
 4 SYSTEMPATH\CodeIgniter.php(368): CodeIgniter\CodeIgniter->handleRequest(null, Object(Config\Cache), false)
 5 FCPATH\index.php(67): CodeIgniter\CodeIgniter->run()
 6 SYSTEMPATH\Commands\Server\rewrite.php(47): require_once('C:\\xampp\\htdocs\\CI4Ade\\public\\index.php')
CRITICAL - 2023-06-21 02:21:36 --> Call to undefined method App\Models\GenreModel::getGenre
in SYSTEMPATH\Model.php on line 842.
 1 APPPATH\Controllers\Genre.php(26): CodeIgniter\Model->__call('getGenre', [])
 2 SYSTEMPATH\CodeIgniter.php(934): App\Controllers\Genre->index()
 3 SYSTEMPATH\CodeIgniter.php(499): CodeIgniter\CodeIgniter->runController(Object(App\Controllers\Genre))
 4 SYSTEMPATH\CodeIgniter.php(368): CodeIgniter\CodeIgniter->handleRequest(null, Object(Config\Cache), false)
 5 FCPATH\index.php(67): CodeIgniter\CodeIgniter->run()
 6 SYSTEMPATH\Commands\Server\rewrite.php(47): require_once('C:\\xampp\\htdocs\\CI4Ade\\public\\index.php')
CRITICAL - 2023-06-21 02:21:37 --> Call to undefined method App\Models\GenreModel::getGenre
in SYSTEMPATH\Model.php on line 842.
 1 APPPATH\Controllers\Genre.php(26): CodeIgniter\Model->__call('getGenre', [])
 2 SYSTEMPATH\CodeIgniter.php(934): App\Controllers\Genre->index()
 3 SYSTEMPATH\CodeIgniter.php(499): CodeIgniter\CodeIgniter->runController(Object(App\Controllers\Genre))
 4 SYSTEMPATH\CodeIgniter.php(368): CodeIgniter\CodeIgniter->handleRequest(null, Object(Config\Cache), false)
 5 FCPATH\index.php(67): CodeIgniter\CodeIgniter->run()
 6 SYSTEMPATH\Commands\Server\rewrite.php(47): require_once('C:\\xampp\\htdocs\\CI4Ade\\public\\index.php')
CRITICAL - 2023-06-21 02:21:37 --> Call to undefined method App\Models\GenreModel::getGenre
in SYSTEMPATH\Model.php on line 842.
 1 APPPATH\Controllers\Genre.php(26): CodeIgniter\Model->__call('getGenre', [])
 2 SYSTEMPATH\CodeIgniter.php(934): App\Controllers\Genre->index()
 3 SYSTEMPATH\CodeIgniter.php(499): CodeIgniter\CodeIgniter->runController(Object(App\Controllers\Genre))
 4 SYSTEMPATH\CodeIgniter.php(368): CodeIgniter\CodeIgniter->handleRequest(null, Object(Config\Cache), false)
 5 FCPATH\index.php(67): CodeIgniter\CodeIgniter->run()
 6 SYSTEMPATH\Commands\Server\rewrite.php(47): require_once('C:\\xampp\\htdocs\\CI4Ade\\public\\index.php')
CRITICAL - 2023-06-21 02:23:39 --> Call to undefined method App\Models\GenreModel::getGenre
in SYSTEMPATH\Model.php on line 842.
 1 APPPATH\Controllers\Genre.php(26): CodeIgniter\Model->__call('getGenre', [])
 2 SYSTEMPATH\CodeIgniter.php(934): App\Controllers\Genre->index()
 3 SYSTEMPATH\CodeIgniter.php(499): CodeIgniter\CodeIgniter->runController(Object(App\Controllers\Genre))
 4 SYSTEMPATH\CodeIgniter.php(368): CodeIgniter\CodeIgniter->handleRequest(null, Object(Config\Cache), false)
 5 FCPATH\index.php(67): CodeIgniter\CodeIgniter->run()
 6 SYSTEMPATH\Commands\Server\rewrite.php(47): require_once('C:\\xampp\\htdocs\\CI4Ade\\public\\index.php')
CRITICAL - 2023-06-21 02:23:40 --> Call to undefined method App\Models\GenreModel::getGenre
in SYSTEMPATH\Model.php on line 842.
 1 APPPATH\Controllers\Genre.php(26): CodeIgniter\Model->__call('getGenre', [])
 2 SYSTEMPATH\CodeIgniter.php(934): App\Controllers\Genre->index()
 3 SYSTEMPATH\CodeIgniter.php(499): CodeIgniter\CodeIgniter->runController(Object(App\Controllers\Genre))
 4 SYSTEMPATH\CodeIgniter.php(368): CodeIgniter\CodeIgniter->handleRequest(null, Object(Config\Cache), false)
 5 FCPATH\index.php(67): CodeIgniter\CodeIgniter->run()
 6 SYSTEMPATH\Commands\Server\rewrite.php(47): require_once('C:\\xampp\\htdocs\\CI4Ade\\public\\index.php')
CRITICAL - 2023-06-21 02:23:41 --> Call to undefined method App\Models\GenreModel::getGenre
in SYSTEMPATH\Model.php on line 842.
 1 APPPATH\Controllers\Genre.php(26): CodeIgniter\Model->__call('getGenre', [])
 2 SYSTEMPATH\CodeIgniter.php(934): App\Controllers\Genre->index()
 3 SYSTEMPATH\CodeIgniter.php(499): CodeIgniter\CodeIgniter->runController(Object(App\Controllers\Genre))
 4 SYSTEMPATH\CodeIgniter.php(368): CodeIgniter\CodeIgniter->handleRequest(null, Object(Config\Cache), false)
 5 FCPATH\index.php(67): CodeIgniter\CodeIgniter->run()
 6 SYSTEMPATH\Commands\Server\rewrite.php(47): require_once('C:\\xampp\\htdocs\\CI4Ade\\public\\index.php')
CRITICAL - 2023-06-21 02:23:41 --> Call to undefined method App\Models\GenreModel::getGenre
in SYSTEMPATH\Model.php on line 842.
 1 APPPATH\Controllers\Genre.php(26): CodeIgniter\Model->__call('getGenre', [])
 2 SYSTEMPATH\CodeIgniter.php(934): App\Controllers\Genre->index()
 3 SYSTEMPATH\CodeIgniter.php(499): CodeIgniter\CodeIgniter->runController(Object(App\Controllers\Genre))
 4 SYSTEMPATH\CodeIgniter.php(368): CodeIgniter\CodeIgniter->handleRequest(null, Object(Config\Cache), false)
 5 FCPATH\index.php(67): CodeIgniter\CodeIgniter->run()
 6 SYSTEMPATH\Commands\Server\rewrite.php(47): require_once('C:\\xampp\\htdocs\\CI4Ade\\public\\index.php')
CRITICAL - 2023-06-21 02:23:41 --> Call to undefined method App\Models\GenreModel::getGenre
in SYSTEMPATH\Model.php on line 842.
 1 APPPATH\Controllers\Genre.php(26): CodeIgniter\Model->__call('getGenre', [])
 2 SYSTEMPATH\CodeIgniter.php(934): App\Controllers\Genre->index()
 3 SYSTEMPATH\CodeIgniter.php(499): CodeIgniter\CodeIgniter->runController(Object(App\Controllers\Genre))
 4 SYSTEMPATH\CodeIgniter.php(368): CodeIgniter\CodeIgniter->handleRequest(null, Object(Config\Cache), false)
 5 FCPATH\index.php(67): CodeIgniter\CodeIgniter->run()
 6 SYSTEMPATH\Commands\Server\rewrite.php(47): require_once('C:\\xampp\\htdocs\\CI4Ade\\public\\index.php')
CRITICAL - 2023-06-21 02:23:42 --> Call to undefined method App\Models\GenreModel::getGenre
in SYSTEMPATH\Model.php on line 842.
 1 APPPATH\Controllers\Genre.php(26): CodeIgniter\Model->__call('getGenre', [])
 2 SYSTEMPATH\CodeIgniter.php(934): App\Controllers\Genre->index()
 3 SYSTEMPATH\CodeIgniter.php(499): CodeIgniter\CodeIgniter->runController(Object(App\Controllers\Genre))
 4 SYSTEMPATH\CodeIgniter.php(368): CodeIgniter\CodeIgniter->handleRequest(null, Object(Config\Cache), false)
 5 FCPATH\index.php(67): CodeIgniter\CodeIgniter->run()
 6 SYSTEMPATH\Commands\Server\rewrite.php(47): require_once('C:\\xampp\\htdocs\\CI4Ade\\public\\index.php')
CRITICAL - 2023-06-21 02:23:42 --> Call to undefined method App\Models\GenreModel::getGenre
in SYSTEMPATH\Model.php on line 842.
 1 APPPATH\Controllers\Genre.php(26): CodeIgniter\Model->__call('getGenre', [])
 2 SYSTEMPATH\CodeIgniter.php(934): App\Controllers\Genre->index()
 3 SYSTEMPATH\CodeIgniter.php(499): CodeIgniter\CodeIgniter->runController(Object(App\Controllers\Genre))
 4 SYSTEMPATH\CodeIgniter.php(368): CodeIgniter\CodeIgniter->handleRequest(null, Object(Config\Cache), false)
 5 FCPATH\index.php(67): CodeIgniter\CodeIgniter->run()
 6 SYSTEMPATH\Commands\Server\rewrite.php(47): require_once('C:\\xampp\\htdocs\\CI4Ade\\public\\index.php')
CRITICAL - 2023-06-21 02:33:09 --> Undefined property: App\Controllers\Genre::$genre
in APPPATH\Controllers\Genre.php on line 24.
 1 APPPATH\Controllers\Genre.php(24): CodeIgniter\Debug\Exceptions->errorHandler(2, 'Undefined property: App\\Controllers\\Genre::$genre', 'C:\\xampp\\htdocs\\CI4Ade\\app\\Controllers\\Genre.php', 24)
 2 SYSTEMPATH\CodeIgniter.php(934): App\Controllers\Genre->index()
 3 SYSTEMPATH\CodeIgniter.php(499): CodeIgniter\CodeIgniter->runController(Object(App\Controllers\Genre))
 4 SYSTEMPATH\CodeIgniter.php(368): CodeIgniter\CodeIgniter->handleRequest(null, Object(Config\Cache), false)
 5 FCPATH\index.php(67): CodeIgniter\CodeIgniter->run()
 6 SYSTEMPATH\Commands\Server\rewrite.php(47): require_once('C:\\xampp\\htdocs\\CI4Ade\\public\\index.php')
CRITICAL - 2023-06-21 02:34:59 --> Undefined property: App\Controllers\Genre::$genre
in APPPATH\Controllers\Genre.php on line 24.
 1 APPPATH\Controllers\Genre.php(24): CodeIgniter\Debug\Exceptions->errorHandler(2, 'Undefined property: App\\Controllers\\Genre::$genre', 'C:\\xampp\\htdocs\\CI4Ade\\app\\Controllers\\Genre.php', 24)
 2 SYSTEMPATH\CodeIgniter.php(934): App\Controllers\Genre->index()
 3 SYSTEMPATH\CodeIgniter.php(499): CodeIgniter\CodeIgniter->runController(Object(App\Controllers\Genre))
 4 SYSTEMPATH\CodeIgniter.php(368): CodeIgniter\CodeIgniter->handleRequest(null, Object(Config\Cache), false)
 5 FCPATH\index.php(67): CodeIgniter\CodeIgniter->run()
 6 SYSTEMPATH\Commands\Server\rewrite.php(47): require_once('C:\\xampp\\htdocs\\CI4Ade\\public\\index.php')
CRITICAL - 2023-06-21 02:38:43 --> Undefined property: App\Controllers\Genre::$genre
in APPPATH\Controllers\Genre.php on line 24.
 1 APPPATH\Controllers\Genre.php(24): CodeIgniter\Debug\Exceptions->errorHandler(2, 'Undefined property: App\\Controllers\\Genre::$genre', 'C:\\xampp\\htdocs\\CI4Ade\\app\\Controllers\\Genre.php', 24)
 2 SYSTEMPATH\CodeIgniter.php(934): App\Controllers\Genre->index()
 3 SYSTEMPATH\CodeIgniter.php(499): CodeIgniter\CodeIgniter->runController(Object(App\Controllers\Genre))
 4 SYSTEMPATH\CodeIgniter.php(368): CodeIgniter\CodeIgniter->handleRequest(null, Object(Config\Cache), false)
 5 FCPATH\index.php(67): CodeIgniter\CodeIgniter->run()
 6 SYSTEMPATH\Commands\Server\rewrite.php(47): require_once('C:\\xampp\\htdocs\\CI4Ade\\public\\index.php')
CRITICAL - 2023-06-21 02:38:44 --> Undefined property: App\Controllers\Genre::$genre
in APPPATH\Controllers\Genre.php on line 24.
 1 APPPATH\Controllers\Genre.php(24): CodeIgniter\Debug\Exceptions->errorHandler(2, 'Undefined property: App\\Controllers\\Genre::$genre', 'C:\\xampp\\htdocs\\CI4Ade\\app\\Controllers\\Genre.php', 24)
 2 SYSTEMPATH\CodeIgniter.php(934): App\Controllers\Genre->index()
 3 SYSTEMPATH\CodeIgniter.php(499): CodeIgniter\CodeIgniter->runController(Object(App\Controllers\Genre))
 4 SYSTEMPATH\CodeIgniter.php(368): CodeIgniter\CodeIgniter->handleRequest(null, Object(Config\Cache), false)
 5 FCPATH\index.php(67): CodeIgniter\CodeIgniter->run()
 6 SYSTEMPATH\Commands\Server\rewrite.php(47): require_once('C:\\xampp\\htdocs\\CI4Ade\\public\\index.php')
CRITICAL - 2023-06-21 02:38:50 --> Undefined property: App\Controllers\Genre::$genre
in APPPATH\Controllers\Genre.php on line 24.
 1 APPPATH\Controllers\Genre.php(24): CodeIgniter\Debug\Exceptions->errorHandler(2, 'Undefined property: App\\Controllers\\Genre::$genre', 'C:\\xampp\\htdocs\\CI4Ade\\app\\Controllers\\Genre.php', 24)
 2 SYSTEMPATH\CodeIgniter.php(934): App\Controllers\Genre->index()
 3 SYSTEMPATH\CodeIgniter.php(499): CodeIgniter\CodeIgniter->runController(Object(App\Controllers\Genre))
 4 SYSTEMPATH\CodeIgniter.php(368): CodeIgniter\CodeIgniter->handleRequest(null, Object(Config\Cache), false)
 5 FCPATH\index.php(67): CodeIgniter\CodeIgniter->run()
 6 SYSTEMPATH\Commands\Server\rewrite.php(47): require_once('C:\\xampp\\htdocs\\CI4Ade\\public\\index.php')
CRITICAL - 2023-06-21 02:38:54 --> Undefined array key "id"
in APPPATH\Views\film\add.php on line 29.
 1 APPPATH\Views\film\add.php(29): CodeIgniter\Debug\Exceptions->errorHandler(2, 'Undefined array key "id"', 'C:\\xampp\\htdocs\\CI4Ade\\app\\Views\\film\\add.php', 29)
 2 SYSTEMPATH\View\View.php(213): include('C:\\xampp\\htdocs\\CI4Ade\\app\\Views\\film\\add.php')
 3 SYSTEMPATH\View\View.php(216): CodeIgniter\View\View->CodeIgniter\View\{closure}()
 4 SYSTEMPATH\Common.php(1184): CodeIgniter\View\View->render('film/add', [], true)
 5 APPPATH\Controllers\Film.php(41): view('film/add', [...])
 6 SYSTEMPATH\CodeIgniter.php(934): App\Controllers\Film->add()
 7 SYSTEMPATH\CodeIgniter.php(499): CodeIgniter\CodeIgniter->runController(Object(App\Controllers\Film))
 8 SYSTEMPATH\CodeIgniter.php(368): CodeIgniter\CodeIgniter->handleRequest(null, Object(Config\Cache), false)
 9 FCPATH\index.php(67): CodeIgniter\CodeIgniter->run()
10 SYSTEMPATH\Commands\Server\rewrite.php(47): require_once('C:\\xampp\\htdocs\\CI4Ade\\public\\index.php')
CRITICAL - 2023-06-21 02:40:16 --> Undefined array key "id"
in APPPATH\Views\film\add.php on line 29.
 1 APPPATH\Views\film\add.php(29): CodeIgniter\Debug\Exceptions->errorHandler(2, 'Undefined array key "id"', 'C:\\xampp\\htdocs\\CI4Ade\\app\\Views\\film\\add.php', 29)
 2 SYSTEMPATH\View\View.php(213): include('C:\\xampp\\htdocs\\CI4Ade\\app\\Views\\film\\add.php')
 3 SYSTEMPATH\View\View.php(216): CodeIgniter\View\View->CodeIgniter\View\{closure}()
 4 SYSTEMPATH\Common.php(1184): CodeIgniter\View\View->render('film/add', [], true)
 5 APPPATH\Controllers\Film.php(41): view('film/add', [...])
 6 SYSTEMPATH\CodeIgniter.php(934): App\Controllers\Film->add()
 7 SYSTEMPATH\CodeIgniter.php(499): CodeIgniter\CodeIgniter->runController(Object(App\Controllers\Film))
 8 SYSTEMPATH\CodeIgniter.php(368): CodeIgniter\CodeIgniter->handleRequest(null, Object(Config\Cache), false)
 9 FCPATH\index.php(67): CodeIgniter\CodeIgniter->run()
10 SYSTEMPATH\Commands\Server\rewrite.php(47): require_once('C:\\xampp\\htdocs\\CI4Ade\\public\\index.php')
CRITICAL - 2023-06-21 02:40:17 --> Undefined array key "id"
in APPPATH\Views\film\add.php on line 29.
 1 APPPATH\Views\film\add.php(29): CodeIgniter\Debug\Exceptions->errorHandler(2, 'Undefined array key "id"', 'C:\\xampp\\htdocs\\CI4Ade\\app\\Views\\film\\add.php', 29)
 2 SYSTEMPATH\View\View.php(213): include('C:\\xampp\\htdocs\\CI4Ade\\app\\Views\\film\\add.php')
 3 SYSTEMPATH\View\View.php(216): CodeIgniter\View\View->CodeIgniter\View\{closure}()
 4 SYSTEMPATH\Common.php(1184): CodeIgniter\View\View->render('film/add', [], true)
 5 APPPATH\Controllers\Film.php(41): view('film/add', [...])
 6 SYSTEMPATH\CodeIgniter.php(934): App\Controllers\Film->add()
 7 SYSTEMPATH\CodeIgniter.php(499): CodeIgniter\CodeIgniter->runController(Object(App\Controllers\Film))
 8 SYSTEMPATH\CodeIgniter.php(368): CodeIgniter\CodeIgniter->handleRequest(null, Object(Config\Cache), false)
 9 FCPATH\index.php(67): CodeIgniter\CodeIgniter->run()
10 SYSTEMPATH\Commands\Server\rewrite.php(47): require_once('C:\\xampp\\htdocs\\CI4Ade\\public\\index.php')
CRITICAL - 2023-06-21 02:40:34 --> Undefined array key "id"
in APPPATH\Views\film\add.php on line 29.
 1 APPPATH\Views\film\add.php(29): CodeIgniter\Debug\Exceptions->errorHandler(2, 'Undefined array key "id"', 'C:\\xampp\\htdocs\\CI4Ade\\app\\Views\\film\\add.php', 29)
 2 SYSTEMPATH\View\View.php(213): include('C:\\xampp\\htdocs\\CI4Ade\\app\\Views\\film\\add.php')
 3 SYSTEMPATH\View\View.php(216): CodeIgniter\View\View->CodeIgniter\View\{closure}()
 4 SYSTEMPATH\Common.php(1184): CodeIgniter\View\View->render('film/add', [], true)
 5 APPPATH\Controllers\Film.php(41): view('film/add', [...])
 6 SYSTEMPATH\CodeIgniter.php(934): App\Controllers\Film->add()
 7 SYSTEMPATH\CodeIgniter.php(499): CodeIgniter\CodeIgniter->runController(Object(App\Controllers\Film))
 8 SYSTEMPATH\CodeIgniter.php(368): CodeIgniter\CodeIgniter->handleRequest(null, Object(Config\Cache), false)
 9 FCPATH\index.php(67): CodeIgniter\CodeIgniter->run()
10 SYSTEMPATH\Commands\Server\rewrite.php(47): require_once('C:\\xampp\\htdocs\\CI4Ade\\public\\index.php')
CRITICAL - 2023-06-21 02:41:00 --> Undefined property: App\Controllers\Genre::$genre
in APPPATH\Controllers\Genre.php on line 24.
 1 APPPATH\Controllers\Genre.php(24): CodeIgniter\Debug\Exceptions->errorHandler(2, 'Undefined property: App\\Controllers\\Genre::$genre', 'C:\\xampp\\htdocs\\CI4Ade\\app\\Controllers\\Genre.php', 24)
 2 SYSTEMPATH\CodeIgniter.php(934): App\Controllers\Genre->index()
 3 SYSTEMPATH\CodeIgniter.php(499): CodeIgniter\CodeIgniter->runController(Object(App\Controllers\Genre))
 4 SYSTEMPATH\CodeIgniter.php(368): CodeIgniter\CodeIgniter->handleRequest(null, Object(Config\Cache), false)
 5 FCPATH\index.php(67): CodeIgniter\CodeIgniter->run()
 6 SYSTEMPATH\Commands\Server\rewrite.php(47): require_once('C:\\xampp\\htdocs\\CI4Ade\\public\\index.php')
CRITICAL - 2023-06-21 02:42:33 --> Undefined array key "id"
in APPPATH\Views\film\add.php on line 29.
 1 APPPATH\Views\film\add.php(29): CodeIgniter\Debug\Exceptions->errorHandler(2, 'Undefined array key "id"', 'C:\\xampp\\htdocs\\CI4Ade\\app\\Views\\film\\add.php', 29)
 2 SYSTEMPATH\View\View.php(213): include('C:\\xampp\\htdocs\\CI4Ade\\app\\Views\\film\\add.php')
 3 SYSTEMPATH\View\View.php(216): CodeIgniter\View\View->CodeIgniter\View\{closure}()
 4 SYSTEMPATH\Common.php(1184): CodeIgniter\View\View->render('film/add', [], true)
 5 APPPATH\Controllers\Film.php(41): view('film/add', [...])
 6 SYSTEMPATH\CodeIgniter.php(934): App\Controllers\Film->add()
 7 SYSTEMPATH\CodeIgniter.php(499): CodeIgniter\CodeIgniter->runController(Object(App\Controllers\Film))
 8 SYSTEMPATH\CodeIgniter.php(368): CodeIgniter\CodeIgniter->handleRequest(null, Object(Config\Cache), false)
 9 FCPATH\index.php(67): CodeIgniter\CodeIgniter->run()
10 SYSTEMPATH\Commands\Server\rewrite.php(47): require_once('C:\\xampp\\htdocs\\CI4Ade\\public\\index.php')
CRITICAL - 2023-06-21 02:43:01 --> Undefined array key "id"
in APPPATH\Views\film\add.php on line 29.
 1 APPPATH\Views\film\add.php(29): CodeIgniter\Debug\Exceptions->errorHandler(2, 'Undefined array key "id"', 'C:\\xampp\\htdocs\\CI4Ade\\app\\Views\\film\\add.php', 29)
 2 SYSTEMPATH\View\View.php(213): include('C:\\xampp\\htdocs\\CI4Ade\\app\\Views\\film\\add.php')
 3 SYSTEMPATH\View\View.php(216): CodeIgniter\View\View->CodeIgniter\View\{closure}()
 4 SYSTEMPATH\Common.php(1184): CodeIgniter\View\View->render('film/add', [], true)
 5 APPPATH\Controllers\Film.php(41): view('film/add', [...])
 6 SYSTEMPATH\CodeIgniter.php(934): App\Controllers\Film->add()
 7 SYSTEMPATH\CodeIgniter.php(499): CodeIgniter\CodeIgniter->runController(Object(App\Controllers\Film))
 8 SYSTEMPATH\CodeIgniter.php(368): CodeIgniter\CodeIgniter->handleRequest(null, Object(Config\Cache), false)
 9 FCPATH\index.php(67): CodeIgniter\CodeIgniter->run()
10 SYSTEMPATH\Commands\Server\rewrite.php(47): require_once('C:\\xampp\\htdocs\\CI4Ade\\public\\index.php')
CRITICAL - 2023-06-21 02:43:07 --> Undefined array key "id"
in APPPATH\Views\film\add.php on line 29.
 1 APPPATH\Views\film\add.php(29): CodeIgniter\Debug\Exceptions->errorHandler(2, 'Undefined array key "id"', 'C:\\xampp\\htdocs\\CI4Ade\\app\\Views\\film\\add.php', 29)
 2 SYSTEMPATH\View\View.php(213): include('C:\\xampp\\htdocs\\CI4Ade\\app\\Views\\film\\add.php')
 3 SYSTEMPATH\View\View.php(216): CodeIgniter\View\View->CodeIgniter\View\{closure}()
 4 SYSTEMPATH\Common.php(1184): CodeIgniter\View\View->render('film/add', [], true)
 5 APPPATH\Controllers\Film.php(41): view('film/add', [...])
 6 SYSTEMPATH\CodeIgniter.php(934): App\Controllers\Film->add()
 7 SYSTEMPATH\CodeIgniter.php(499): CodeIgniter\CodeIgniter->runController(Object(App\Controllers\Film))
 8 SYSTEMPATH\CodeIgniter.php(368): CodeIgniter\CodeIgniter->handleRequest(null, Object(Config\Cache), false)
 9 FCPATH\index.php(67): CodeIgniter\CodeIgniter->run()
10 SYSTEMPATH\Commands\Server\rewrite.php(47): require_once('C:\\xampp\\htdocs\\CI4Ade\\public\\index.php')
CRITICAL - 2023-06-21 03:09:35 --> Object of class App\Controllers\Film could not be converted to string
in APPPATH\Controllers\Film.php on line 54.
 1 SYSTEMPATH\CodeIgniter.php(934): App\Controllers\Film->store()
 2 SYSTEMPATH\CodeIgniter.php(499): CodeIgniter\CodeIgniter->runController(Object(App\Controllers\Film))
 3 SYSTEMPATH\CodeIgniter.php(368): CodeIgniter\CodeIgniter->handleRequest(null, Object(Config\Cache), false)
 4 FCPATH\index.php(67): CodeIgniter\CodeIgniter->run()
 5 SYSTEMPATH\Commands\Server\rewrite.php(47): require_once('C:\\xampp\\htdocs\\CI4Ade\\public\\index.php')
CRITICAL - 2023-06-21 03:15:49 --> Object of class App\Controllers\Film could not be converted to string
in APPPATH\Controllers\Film.php on line 54.
 1 SYSTEMPATH\CodeIgniter.php(934): App\Controllers\Film->store()
 2 SYSTEMPATH\CodeIgniter.php(499): CodeIgniter\CodeIgniter->runController(Object(App\Controllers\Film))
 3 SYSTEMPATH\CodeIgniter.php(368): CodeIgniter\CodeIgniter->handleRequest(null, Object(Config\Cache), false)
 4 FCPATH\index.php(67): CodeIgniter\CodeIgniter->run()
 5 SYSTEMPATH\Commands\Server\rewrite.php(47): require_once('C:\\xampp\\htdocs\\CI4Ade\\public\\index.php')
CRITICAL - 2023-06-21 03:17:47 --> Object of class App\Controllers\Film could not be converted to string
in APPPATH\Controllers\Film.php on line 54.
 1 SYSTEMPATH\CodeIgniter.php(934): App\Controllers\Film->store()
 2 SYSTEMPATH\CodeIgniter.php(499): CodeIgniter\CodeIgniter->runController(Object(App\Controllers\Film))
 3 SYSTEMPATH\CodeIgniter.php(368): CodeIgniter\CodeIgniter->handleRequest(null, Object(Config\Cache), false)
 4 FCPATH\index.php(67): CodeIgniter\CodeIgniter->run()
 5 SYSTEMPATH\Commands\Server\rewrite.php(47): require_once('C:\\xampp\\htdocs\\CI4Ade\\public\\index.php')
CRITICAL - 2023-06-21 03:21:55 --> Undefined variable $image
in APPPATH\Controllers\Film.php on line 47.
 1 APPPATH\Controllers\Film.php(47): CodeIgniter\Debug\Exceptions->errorHandler(2, 'Undefined variable $image', 'C:\\xampp\\htdocs\\CI4Ade\\app\\Controllers\\Film.php', 47)
 2 SYSTEMPATH\CodeIgniter.php(934): App\Controllers\Film->store()
 3 SYSTEMPATH\CodeIgniter.php(499): CodeIgniter\CodeIgniter->runController(Object(App\Controllers\Film))
 4 SYSTEMPATH\CodeIgniter.php(368): CodeIgniter\CodeIgniter->handleRequest(null, Object(Config\Cache), false)
 5 FCPATH\index.php(67): CodeIgniter\CodeIgniter->run()
 6 SYSTEMPATH\Commands\Server\rewrite.php(47): require_once('C:\\xampp\\htdocs\\CI4Ade\\public\\index.php')
CRITICAL - 2023-06-21 03:22:58 --> Object of class App\Controllers\Film could not be converted to string
in APPPATH\Controllers\Film.php on line 54.
 1 SYSTEMPATH\CodeIgniter.php(934): App\Controllers\Film->store()
 2 SYSTEMPATH\CodeIgniter.php(499): CodeIgniter\CodeIgniter->runController(Object(App\Controllers\Film))
 3 SYSTEMPATH\CodeIgniter.php(368): CodeIgniter\CodeIgniter->handleRequest(null, Object(Config\Cache), false)
 4 FCPATH\index.php(67): CodeIgniter\CodeIgniter->run()
 5 SYSTEMPATH\Commands\Server\rewrite.php(47): require_once('C:\\xampp\\htdocs\\CI4Ade\\public\\index.php')
CRITICAL - 2023-06-21 03:25:31 --> Allowed fields must be specified for model: "App\Models\FilmModel"
in SYSTEMPATH\BaseModel.php on line 1242.
 1 SYSTEMPATH\BaseModel.php(1242): CodeIgniter\Database\Exceptions\DataException::forInvalidAllowedFields('App\\Models\\FilmModel')
 2 SYSTEMPATH\BaseModel.php(757): CodeIgniter\BaseModel->doProtectFields([...])
 3 SYSTEMPATH\Model.php(730): CodeIgniter\BaseModel->insert([...], false)
 4 SYSTEMPATH\BaseModel.php(692): CodeIgniter\Model->insert([...], false)
 5 APPPATH\Controllers\Film.php(58): CodeIgniter\BaseModel->save([...])
 6 SYSTEMPATH\CodeIgniter.php(934): App\Controllers\Film->store()
 7 SYSTEMPATH\CodeIgniter.php(499): CodeIgniter\CodeIgniter->runController(Object(App\Controllers\Film))
 8 SYSTEMPATH\CodeIgniter.php(368): CodeIgniter\CodeIgniter->handleRequest(null, Object(Config\Cache), false)
 9 FCPATH\index.php(67): CodeIgniter\CodeIgniter->run()
10 SYSTEMPATH\Commands\Server\rewrite.php(47): require_once('C:\\xampp\\htdocs\\CI4Ade\\public\\index.php')
ERROR - 2023-06-21 03:27:26 --> mysqli_sql_exception: Column 'nama_film' cannot be null in C:\xampp\htdocs\CI4Ade\system\Database\MySQLi\Connection.php:295
Stack trace:
#0 C:\xampp\htdocs\CI4Ade\system\Database\MySQLi\Connection.php(295): mysqli->query('INSERT INTO `fi...', 0)
#1 C:\xampp\htdocs\CI4Ade\system\Database\BaseConnection.php(692): CodeIgniter\Database\MySQLi\Connection->execute('INSERT INTO `fi...')
#2 C:\xampp\htdocs\CI4Ade\system\Database\BaseConnection.php(606): CodeIgniter\Database\BaseConnection->simpleQuery('INSERT INTO `fi...')
#3 C:\xampp\htdocs\CI4Ade\system\Database\BaseBuilder.php(2309): CodeIgniter\Database\BaseConnection->query('INSERT INTO `fi...', Array, false)
#4 C:\xampp\htdocs\CI4Ade\system\Model.php(330): CodeIgniter\Database\BaseBuilder->insert()
#5 C:\xampp\htdocs\CI4Ade\system\BaseModel.php(782): CodeIgniter\Model->doInsert(Array)
#6 C:\xampp\htdocs\CI4Ade\system\Model.php(730): CodeIgniter\BaseModel->insert(Array, false)
#7 C:\xampp\htdocs\CI4Ade\system\BaseModel.php(692): CodeIgniter\Model->insert(Array, false)
#8 C:\xampp\htdocs\CI4Ade\app\Controllers\Film.php(58): CodeIgniter\BaseModel->save(Array)
#9 C:\xampp\htdocs\CI4Ade\system\CodeIgniter.php(934): App\Controllers\Film->store()
#10 C:\xampp\htdocs\CI4Ade\system\CodeIgniter.php(499): CodeIgniter\CodeIgniter->runController(Object(App\Controllers\Film))
#11 C:\xampp\htdocs\CI4Ade\system\CodeIgniter.php(368): CodeIgniter\CodeIgniter->handleRequest(NULL, Object(Config\Cache), false)
#12 C:\xampp\htdocs\CI4Ade\public\index.php(67): CodeIgniter\CodeIgniter->run()
#13 C:\xampp\htdocs\CI4Ade\system\Commands\Server\rewrite.php(47): require_once('C:\\xampp\\htdocs...')
#14 {main}
CRITICAL - 2023-06-21 03:27:26 --> Column 'nama_film' cannot be null
in SYSTEMPATH\Database\MySQLi\Connection.php on line 295.
 1 SYSTEMPATH\Database\MySQLi\Connection.php(295): mysqli->query('INSERT INTO `film` (`nama_film`, `id_genre`, `duration`, `cover`) VALUES (NULL, \'6\', \'2 jam\', \'1687318046_a80a233456b3eaa3ad6f.jpg\')', 0)
 2 SYSTEMPATH\Database\BaseConnection.php(692): CodeIgniter\Database\MySQLi\Connection->execute('INSERT INTO `film` (`nama_film`, `id_genre`, `duration`, `cover`) VALUES (NULL, \'6\', \'2 jam\', \'1687318046_a80a233456b3eaa3ad6f.jpg\')')
 3 SYSTEMPATH\Database\BaseConnection.php(606): CodeIgniter\Database\BaseConnection->simpleQuery('INSERT INTO `film` (`nama_film`, `id_genre`, `duration`, `cover`) VALUES (NULL, \'6\', \'2 jam\', \'1687318046_a80a233456b3eaa3ad6f.jpg\')')
 4 SYSTEMPATH\Database\BaseBuilder.php(2309): CodeIgniter\Database\BaseConnection->query('INSERT INTO `film` (`nama_film`, `id_genre`, `duration`, `cover`) VALUES (:nama_film:, :id_genre:, :duration:, :cover:)', [...], false)
 5 SYSTEMPATH\Model.php(330): CodeIgniter\Database\BaseBuilder->insert()
 6 SYSTEMPATH\BaseModel.php(782): CodeIgniter\Model->doInsert([...])
 7 SYSTEMPATH\Model.php(730): CodeIgniter\BaseModel->insert([...], false)
 8 SYSTEMPATH\BaseModel.php(692): CodeIgniter\Model->insert([...], false)
 9 APPPATH\Controllers\Film.php(58): CodeIgniter\BaseModel->save([...])
10 SYSTEMPATH\CodeIgniter.php(934): App\Controllers\Film->store()
11 SYSTEMPATH\CodeIgniter.php(499): CodeIgniter\CodeIgniter->runController(Object(App\Controllers\Film))
12 SYSTEMPATH\CodeIgniter.php(368): CodeIgniter\CodeIgniter->handleRequest(null, Object(Config\Cache), false)
13 FCPATH\index.php(67): CodeIgniter\CodeIgniter->run()
14 SYSTEMPATH\Commands\Server\rewrite.php(47): require_once('C:\\xampp\\htdocs\\CI4Ade\\public\\index.php')
ERROR - 2023-06-21 03:28:02 --> mysqli_sql_exception: Column 'nama_film' cannot be null in C:\xampp\htdocs\CI4Ade\system\Database\MySQLi\Connection.php:295
Stack trace:
#0 C:\xampp\htdocs\CI4Ade\system\Database\MySQLi\Connection.php(295): mysqli->query('INSERT INTO `fi...', 0)
#1 C:\xampp\htdocs\CI4Ade\system\Database\BaseConnection.php(692): CodeIgniter\Database\MySQLi\Connection->execute('INSERT INTO `fi...')
#2 C:\xampp\htdocs\CI4Ade\system\Database\BaseConnection.php(606): CodeIgniter\Database\BaseConnection->simpleQuery('INSERT INTO `fi...')
#3 C:\xampp\htdocs\CI4Ade\system\Database\BaseBuilder.php(2309): CodeIgniter\Database\BaseConnection->query('INSERT INTO `fi...', Array, false)
#4 C:\xampp\htdocs\CI4Ade\system\Model.php(330): CodeIgniter\Database\BaseBuilder->insert()
#5 C:\xampp\htdocs\CI4Ade\system\BaseModel.php(782): CodeIgniter\Model->doInsert(Array)
#6 C:\xampp\htdocs\CI4Ade\system\Model.php(730): CodeIgniter\BaseModel->insert(Array, false)
#7 C:\xampp\htdocs\CI4Ade\system\BaseModel.php(692): CodeIgniter\Model->insert(Array, false)
#8 C:\xampp\htdocs\CI4Ade\app\Controllers\Film.php(58): CodeIgniter\BaseModel->save(Array)
#9 C:\xampp\htdocs\CI4Ade\system\CodeIgniter.php(934): App\Controllers\Film->store()
#10 C:\xampp\htdocs\CI4Ade\system\CodeIgniter.php(499): CodeIgniter\CodeIgniter->runController(Object(App\Controllers\Film))
#11 C:\xampp\htdocs\CI4Ade\system\CodeIgniter.php(368): CodeIgniter\CodeIgniter->handleRequest(NULL, Object(Config\Cache), false)
#12 C:\xampp\htdocs\CI4Ade\public\index.php(67): CodeIgniter\CodeIgniter->run()
#13 C:\xampp\htdocs\CI4Ade\system\Commands\Server\rewrite.php(47): require_once('C:\\xampp\\htdocs...')
#14 {main}
CRITICAL - 2023-06-21 03:28:02 --> Column 'nama_film' cannot be null
in SYSTEMPATH\Database\MySQLi\Connection.php on line 295.
 1 SYSTEMPATH\Database\MySQLi\Connection.php(295): mysqli->query('INSERT INTO `film` (`nama_film`, `id_genre`, `duration`, `cover`) VALUES (NULL, \'5\', \'1 jam\', \'1687318082_85e9ccb09ad968e600e3.jpg\')', 0)
 2 SYSTEMPATH\Database\BaseConnection.php(692): CodeIgniter\Database\MySQLi\Connection->execute('INSERT INTO `film` (`nama_film`, `id_genre`, `duration`, `cover`) VALUES (NULL, \'5\', \'1 jam\', \'1687318082_85e9ccb09ad968e600e3.jpg\')')
 3 SYSTEMPATH\Database\BaseConnection.php(606): CodeIgniter\Database\BaseConnection->simpleQuery('INSERT INTO `film` (`nama_film`, `id_genre`, `duration`, `cover`) VALUES (NULL, \'5\', \'1 jam\', \'1687318082_85e9ccb09ad968e600e3.jpg\')')
 4 SYSTEMPATH\Database\BaseBuilder.php(2309): CodeIgniter\Database\BaseConnection->query('INSERT INTO `film` (`nama_film`, `id_genre`, `duration`, `cover`) VALUES (:nama_film:, :id_genre:, :duration:, :cover:)', [...], false)
 5 SYSTEMPATH\Model.php(330): CodeIgniter\Database\BaseBuilder->insert()
 6 SYSTEMPATH\BaseModel.php(782): CodeIgniter\Model->doInsert([...])
 7 SYSTEMPATH\Model.php(730): CodeIgniter\BaseModel->insert([...], false)
 8 SYSTEMPATH\BaseModel.php(692): CodeIgniter\Model->insert([...], false)
 9 APPPATH\Controllers\Film.php(58): CodeIgniter\BaseModel->save([...])
10 SYSTEMPATH\CodeIgniter.php(934): App\Controllers\Film->store()
11 SYSTEMPATH\CodeIgniter.php(499): CodeIgniter\CodeIgniter->runController(Object(App\Controllers\Film))
12 SYSTEMPATH\CodeIgniter.php(368): CodeIgniter\CodeIgniter->handleRequest(null, Object(Config\Cache), false)
13 FCPATH\index.php(67): CodeIgniter\CodeIgniter->run()
14 SYSTEMPATH\Commands\Server\rewrite.php(47): require_once('C:\\xampp\\htdocs\\CI4Ade\\public\\index.php')
ERROR - 2023-06-21 03:29:43 --> mysqli_sql_exception: Column 'nama_film' cannot be null in C:\xampp\htdocs\CI4Ade\system\Database\MySQLi\Connection.php:295
Stack trace:
#0 C:\xampp\htdocs\CI4Ade\system\Database\MySQLi\Connection.php(295): mysqli->query('INSERT INTO `fi...', 0)
#1 C:\xampp\htdocs\CI4Ade\system\Database\BaseConnection.php(692): CodeIgniter\Database\MySQLi\Connection->execute('INSERT INTO `fi...')
#2 C:\xampp\htdocs\CI4Ade\system\Database\BaseConnection.php(606): CodeIgniter\Database\BaseConnection->simpleQuery('INSERT INTO `fi...')
#3 C:\xampp\htdocs\CI4Ade\system\Database\BaseBuilder.php(2309): CodeIgniter\Database\BaseConnection->query('INSERT INTO `fi...', Array, false)
#4 C:\xampp\htdocs\CI4Ade\system\Model.php(330): CodeIgniter\Database\BaseBuilder->insert()
#5 C:\xampp\htdocs\CI4Ade\system\BaseModel.php(782): CodeIgniter\Model->doInsert(Array)
#6 C:\xampp\htdocs\CI4Ade\system\Model.php(730): CodeIgniter\BaseModel->insert(Array, false)
#7 C:\xampp\htdocs\CI4Ade\system\BaseModel.php(692): CodeIgniter\Model->insert(Array, false)
#8 C:\xampp\htdocs\CI4Ade\app\Controllers\Film.php(55): CodeIgniter\BaseModel->save(Array)
#9 C:\xampp\htdocs\CI4Ade\system\CodeIgniter.php(934): App\Controllers\Film->store()
#10 C:\xampp\htdocs\CI4Ade\system\CodeIgniter.php(499): CodeIgniter\CodeIgniter->runController(Object(App\Controllers\Film))
#11 C:\xampp\htdocs\CI4Ade\system\CodeIgniter.php(368): CodeIgniter\CodeIgniter->handleRequest(NULL, Object(Config\Cache), false)
#12 C:\xampp\htdocs\CI4Ade\public\index.php(67): CodeIgniter\CodeIgniter->run()
#13 C:\xampp\htdocs\CI4Ade\system\Commands\Server\rewrite.php(47): require_once('C:\\xampp\\htdocs...')
#14 {main}
CRITICAL - 2023-06-21 03:29:43 --> Column 'nama_film' cannot be null
in SYSTEMPATH\Database\MySQLi\Connection.php on line 295.
 1 SYSTEMPATH\Database\MySQLi\Connection.php(295): mysqli->query('INSERT INTO `film` (`nama_film`, `id_genre`, `duration`, `cover`) VALUES (NULL, \'5\', \'1 jam\', \'1687318183_fbd663efe0f667a5fe2c.jpg\')', 0)
 2 SYSTEMPATH\Database\BaseConnection.php(692): CodeIgniter\Database\MySQLi\Connection->execute('INSERT INTO `film` (`nama_film`, `id_genre`, `duration`, `cover`) VALUES (NULL, \'5\', \'1 jam\', \'1687318183_fbd663efe0f667a5fe2c.jpg\')')
 3 SYSTEMPATH\Database\BaseConnection.php(606): CodeIgniter\Database\BaseConnection->simpleQuery('INSERT INTO `film` (`nama_film`, `id_genre`, `duration`, `cover`) VALUES (NULL, \'5\', \'1 jam\', \'1687318183_fbd663efe0f667a5fe2c.jpg\')')
 4 SYSTEMPATH\Database\BaseBuilder.php(2309): CodeIgniter\Database\BaseConnection->query('INSERT INTO `film` (`nama_film`, `id_genre`, `duration`, `cover`) VALUES (:nama_film:, :id_genre:, :duration:, :cover:)', [...], false)
 5 SYSTEMPATH\Model.php(330): CodeIgniter\Database\BaseBuilder->insert()
 6 SYSTEMPATH\BaseModel.php(782): CodeIgniter\Model->doInsert([...])
 7 SYSTEMPATH\Model.php(730): CodeIgniter\BaseModel->insert([...], false)
 8 SYSTEMPATH\BaseModel.php(692): CodeIgniter\Model->insert([...], false)
 9 APPPATH\Controllers\Film.php(55): CodeIgniter\BaseModel->save([...])
10 SYSTEMPATH\CodeIgniter.php(934): App\Controllers\Film->store()
11 SYSTEMPATH\CodeIgniter.php(499): CodeIgniter\CodeIgniter->runController(Object(App\Controllers\Film))
12 SYSTEMPATH\CodeIgniter.php(368): CodeIgniter\CodeIgniter->handleRequest(null, Object(Config\Cache), false)
13 FCPATH\index.php(67): CodeIgniter\CodeIgniter->run()
14 SYSTEMPATH\Commands\Server\rewrite.php(47): require_once('C:\\xampp\\htdocs\\CI4Ade\\public\\index.php')
CRITICAL - 2023-06-21 03:31:37 --> Allowed fields must be specified for model: "App\Models\FilmModel"
in SYSTEMPATH\BaseModel.php on line 1242.
 1 SYSTEMPATH\BaseModel.php(1242): CodeIgniter\Database\Exceptions\DataException::forInvalidAllowedFields('App\\Models\\FilmModel')
 2 SYSTEMPATH\BaseModel.php(757): CodeIgniter\BaseModel->doProtectFields([...])
 3 SYSTEMPATH\Model.php(730): CodeIgniter\BaseModel->insert([...], false)
 4 SYSTEMPATH\BaseModel.php(692): CodeIgniter\Model->insert([...], false)
 5 APPPATH\Controllers\Film.php(55): CodeIgniter\BaseModel->save([...])
 6 SYSTEMPATH\CodeIgniter.php(934): App\Controllers\Film->store()
 7 SYSTEMPATH\CodeIgniter.php(499): CodeIgniter\CodeIgniter->runController(Object(App\Controllers\Film))
 8 SYSTEMPATH\CodeIgniter.php(368): CodeIgniter\CodeIgniter->handleRequest(null, Object(Config\Cache), false)
 9 FCPATH\index.php(67): CodeIgniter\CodeIgniter->run()
10 SYSTEMPATH\Commands\Server\rewrite.php(47): require_once('C:\\xampp\\htdocs\\CI4Ade\\public\\index.php')
ERROR - 2023-06-21 03:32:31 --> mysqli_sql_exception: Column 'nama_film' cannot be null in C:\xampp\htdocs\CI4Ade\system\Database\MySQLi\Connection.php:295
Stack trace:
#0 C:\xampp\htdocs\CI4Ade\system\Database\MySQLi\Connection.php(295): mysqli->query('INSERT INTO `fi...', 0)
#1 C:\xampp\htdocs\CI4Ade\system\Database\BaseConnection.php(692): CodeIgniter\Database\MySQLi\Connection->execute('INSERT INTO `fi...')
#2 C:\xampp\htdocs\CI4Ade\system\Database\BaseConnection.php(606): CodeIgniter\Database\BaseConnection->simpleQuery('INSERT INTO `fi...')
#3 C:\xampp\htdocs\CI4Ade\system\Database\BaseBuilder.php(2309): CodeIgniter\Database\BaseConnection->query('INSERT INTO `fi...', Array, false)
#4 C:\xampp\htdocs\CI4Ade\system\Model.php(330): CodeIgniter\Database\BaseBuilder->insert()
#5 C:\xampp\htdocs\CI4Ade\system\BaseModel.php(782): CodeIgniter\Model->doInsert(Array)
#6 C:\xampp\htdocs\CI4Ade\system\Model.php(730): CodeIgniter\BaseModel->insert(Array, false)
#7 C:\xampp\htdocs\CI4Ade\system\BaseModel.php(692): CodeIgniter\Model->insert(Array, false)
#8 C:\xampp\htdocs\CI4Ade\app\Controllers\Film.php(55): CodeIgniter\BaseModel->save(Array)
#9 C:\xampp\htdocs\CI4Ade\system\CodeIgniter.php(934): App\Controllers\Film->store()
#10 C:\xampp\htdocs\CI4Ade\system\CodeIgniter.php(499): CodeIgniter\CodeIgniter->runController(Object(App\Controllers\Film))
#11 C:\xampp\htdocs\CI4Ade\system\CodeIgniter.php(368): CodeIgniter\CodeIgniter->handleRequest(NULL, Object(Config\Cache), false)
#12 C:\xampp\htdocs\CI4Ade\public\index.php(67): CodeIgniter\CodeIgniter->run()
#13 C:\xampp\htdocs\CI4Ade\system\Commands\Server\rewrite.php(47): require_once('C:\\xampp\\htdocs...')
#14 {main}
CRITICAL - 2023-06-21 03:32:31 --> Column 'nama_film' cannot be null
in SYSTEMPATH\Database\MySQLi\Connection.php on line 295.
 1 SYSTEMPATH\Database\MySQLi\Connection.php(295): mysqli->query('INSERT INTO `film` (`nama_film`, `id_genre`, `duration`, `cover`) VALUES (NULL, \'1\', \'1 jam\', \'1687318351_6daf1c412b9812cf33bc.jpg\')', 0)
 2 SYSTEMPATH\Database\BaseConnection.php(692): CodeIgniter\Database\MySQLi\Connection->execute('INSERT INTO `film` (`nama_film`, `id_genre`, `duration`, `cover`) VALUES (NULL, \'1\', \'1 jam\', \'1687318351_6daf1c412b9812cf33bc.jpg\')')
 3 SYSTEMPATH\Database\BaseConnection.php(606): CodeIgniter\Database\BaseConnection->simpleQuery('INSERT INTO `film` (`nama_film`, `id_genre`, `duration`, `cover`) VALUES (NULL, \'1\', \'1 jam\', \'1687318351_6daf1c412b9812cf33bc.jpg\')')
 4 SYSTEMPATH\Database\BaseBuilder.php(2309): CodeIgniter\Database\BaseConnection->query('INSERT INTO `film` (`nama_film`, `id_genre`, `duration`, `cover`) VALUES (:nama_film:, :id_genre:, :duration:, :cover:)', [...], false)
 5 SYSTEMPATH\Model.php(330): CodeIgniter\Database\BaseBuilder->insert()
 6 SYSTEMPATH\BaseModel.php(782): CodeIgniter\Model->doInsert([...])
 7 SYSTEMPATH\Model.php(730): CodeIgniter\BaseModel->insert([...], false)
 8 SYSTEMPATH\BaseModel.php(692): CodeIgniter\Model->insert([...], false)
 9 APPPATH\Controllers\Film.php(55): CodeIgniter\BaseModel->save([...])
10 SYSTEMPATH\CodeIgniter.php(934): App\Controllers\Film->store()
11 SYSTEMPATH\CodeIgniter.php(499): CodeIgniter\CodeIgniter->runController(Object(App\Controllers\Film))
12 SYSTEMPATH\CodeIgniter.php(368): CodeIgniter\CodeIgniter->handleRequest(null, Object(Config\Cache), false)
13 FCPATH\index.php(67): CodeIgniter\CodeIgniter->run()
14 SYSTEMPATH\Commands\Server\rewrite.php(47): require_once('C:\\xampp\\htdocs\\CI4Ade\\public\\index.php')
CRITICAL - 2023-06-21 03:32:51 --> Allowed fields must be specified for model: "App\Models\FilmModel"
in SYSTEMPATH\BaseModel.php on line 1242.
 1 SYSTEMPATH\BaseModel.php(1242): CodeIgniter\Database\Exceptions\DataException::forInvalidAllowedFields('App\\Models\\FilmModel')
 2 SYSTEMPATH\BaseModel.php(757): CodeIgniter\BaseModel->doProtectFields([...])
 3 SYSTEMPATH\Model.php(730): CodeIgniter\BaseModel->insert([...], false)
 4 SYSTEMPATH\BaseModel.php(692): CodeIgniter\Model->insert([...], false)
 5 APPPATH\Controllers\Film.php(55): CodeIgniter\BaseModel->save([...])
 6 SYSTEMPATH\CodeIgniter.php(934): App\Controllers\Film->store()
 7 SYSTEMPATH\CodeIgniter.php(499): CodeIgniter\CodeIgniter->runController(Object(App\Controllers\Film))
 8 SYSTEMPATH\CodeIgniter.php(368): CodeIgniter\CodeIgniter->handleRequest(null, Object(Config\Cache), false)
 9 FCPATH\index.php(67): CodeIgniter\CodeIgniter->run()
10 SYSTEMPATH\Commands\Server\rewrite.php(47): require_once('C:\\xampp\\htdocs\\CI4Ade\\public\\index.php')
ERROR - 2023-06-21 03:33:09 --> mysqli_sql_exception: Column 'nama_film' cannot be null in C:\xampp\htdocs\CI4Ade\system\Database\MySQLi\Connection.php:295
Stack trace:
#0 C:\xampp\htdocs\CI4Ade\system\Database\MySQLi\Connection.php(295): mysqli->query('INSERT INTO `fi...', 0)
#1 C:\xampp\htdocs\CI4Ade\system\Database\BaseConnection.php(692): CodeIgniter\Database\MySQLi\Connection->execute('INSERT INTO `fi...')
#2 C:\xampp\htdocs\CI4Ade\system\Database\BaseConnection.php(606): CodeIgniter\Database\BaseConnection->simpleQuery('INSERT INTO `fi...')
#3 C:\xampp\htdocs\CI4Ade\system\Database\BaseBuilder.php(2309): CodeIgniter\Database\BaseConnection->query('INSERT INTO `fi...', Array, false)
#4 C:\xampp\htdocs\CI4Ade\system\Model.php(330): CodeIgniter\Database\BaseBuilder->insert()
#5 C:\xampp\htdocs\CI4Ade\system\BaseModel.php(782): CodeIgniter\Model->doInsert(Array)
#6 C:\xampp\htdocs\CI4Ade\system\Model.php(730): CodeIgniter\BaseModel->insert(Array, false)
#7 C:\xampp\htdocs\CI4Ade\system\BaseModel.php(692): CodeIgniter\Model->insert(Array, false)
#8 C:\xampp\htdocs\CI4Ade\app\Controllers\Film.php(55): CodeIgniter\BaseModel->save(Array)
#9 C:\xampp\htdocs\CI4Ade\system\CodeIgniter.php(934): App\Controllers\Film->store()
#10 C:\xampp\htdocs\CI4Ade\system\CodeIgniter.php(499): CodeIgniter\CodeIgniter->runController(Object(App\Controllers\Film))
#11 C:\xampp\htdocs\CI4Ade\system\CodeIgniter.php(368): CodeIgniter\CodeIgniter->handleRequest(NULL, Object(Config\Cache), false)
#12 C:\xampp\htdocs\CI4Ade\public\index.php(67): CodeIgniter\CodeIgniter->run()
#13 C:\xampp\htdocs\CI4Ade\system\Commands\Server\rewrite.php(47): require_once('C:\\xampp\\htdocs...')
#14 {main}
CRITICAL - 2023-06-21 03:33:09 --> Column 'nama_film' cannot be null
in SYSTEMPATH\Database\MySQLi\Connection.php on line 295.
 1 SYSTEMPATH\Database\MySQLi\Connection.php(295): mysqli->query('INSERT INTO `film` (`nama_film`, `id_genre`, `duration`, `cover`) VALUES (NULL, \'1\', \'1 jam\', \'1687318389_a618a0f1e83e0b9339b5.jpg\')', 0)
 2 SYSTEMPATH\Database\BaseConnection.php(692): CodeIgniter\Database\MySQLi\Connection->execute('INSERT INTO `film` (`nama_film`, `id_genre`, `duration`, `cover`) VALUES (NULL, \'1\', \'1 jam\', \'1687318389_a618a0f1e83e0b9339b5.jpg\')')
 3 SYSTEMPATH\Database\BaseConnection.php(606): CodeIgniter\Database\BaseConnection->simpleQuery('INSERT INTO `film` (`nama_film`, `id_genre`, `duration`, `cover`) VALUES (NULL, \'1\', \'1 jam\', \'1687318389_a618a0f1e83e0b9339b5.jpg\')')
 4 SYSTEMPATH\Database\BaseBuilder.php(2309): CodeIgniter\Database\BaseConnection->query('INSERT INTO `film` (`nama_film`, `id_genre`, `duration`, `cover`) VALUES (:nama_film:, :id_genre:, :duration:, :cover:)', [...], false)
 5 SYSTEMPATH\Model.php(330): CodeIgniter\Database\BaseBuilder->insert()
 6 SYSTEMPATH\BaseModel.php(782): CodeIgniter\Model->doInsert([...])
 7 SYSTEMPATH\Model.php(730): CodeIgniter\BaseModel->insert([...], false)
 8 SYSTEMPATH\BaseModel.php(692): CodeIgniter\Model->insert([...], false)
 9 APPPATH\Controllers\Film.php(55): CodeIgniter\BaseModel->save([...])
10 SYSTEMPATH\CodeIgniter.php(934): App\Controllers\Film->store()
11 SYSTEMPATH\CodeIgniter.php(499): CodeIgniter\CodeIgniter->runController(Object(App\Controllers\Film))
12 SYSTEMPATH\CodeIgniter.php(368): CodeIgniter\CodeIgniter->handleRequest(null, Object(Config\Cache), false)
13 FCPATH\index.php(67): CodeIgniter\CodeIgniter->run()
14 SYSTEMPATH\Commands\Server\rewrite.php(47): require_once('C:\\xampp\\htdocs\\CI4Ade\\public\\index.php')
ERROR - 2023-06-21 03:36:40 --> mysqli_sql_exception: Column 'nama_film' cannot be null in C:\xampp\htdocs\CI4Ade\system\Database\MySQLi\Connection.php:295
Stack trace:
#0 C:\xampp\htdocs\CI4Ade\system\Database\MySQLi\Connection.php(295): mysqli->query('INSERT INTO `fi...', 0)
#1 C:\xampp\htdocs\CI4Ade\system\Database\BaseConnection.php(692): CodeIgniter\Database\MySQLi\Connection->execute('INSERT INTO `fi...')
#2 C:\xampp\htdocs\CI4Ade\system\Database\BaseConnection.php(606): CodeIgniter\Database\BaseConnection->simpleQuery('INSERT INTO `fi...')
#3 C:\xampp\htdocs\CI4Ade\system\Database\BaseBuilder.php(2309): CodeIgniter\Database\BaseConnection->query('INSERT INTO `fi...', Array, false)
#4 C:\xampp\htdocs\CI4Ade\system\Model.php(330): CodeIgniter\Database\BaseBuilder->insert()
#5 C:\xampp\htdocs\CI4Ade\system\BaseModel.php(782): CodeIgniter\Model->doInsert(Array)
#6 C:\xampp\htdocs\CI4Ade\system\Model.php(730): CodeIgniter\BaseModel->insert(Array, false)
#7 C:\xampp\htdocs\CI4Ade\system\BaseModel.php(692): CodeIgniter\Model->insert(Array, false)
#8 C:\xampp\htdocs\CI4Ade\app\Controllers\Film.php(58): CodeIgniter\BaseModel->save(Array)
#9 C:\xampp\htdocs\CI4Ade\system\CodeIgniter.php(934): App\Controllers\Film->store()
#10 C:\xampp\htdocs\CI4Ade\system\CodeIgniter.php(499): CodeIgniter\CodeIgniter->runController(Object(App\Controllers\Film))
#11 C:\xampp\htdocs\CI4Ade\system\CodeIgniter.php(368): CodeIgniter\CodeIgniter->handleRequest(NULL, Object(Config\Cache), false)
#12 C:\xampp\htdocs\CI4Ade\public\index.php(67): CodeIgniter\CodeIgniter->run()
#13 C:\xampp\htdocs\CI4Ade\system\Commands\Server\rewrite.php(47): require_once('C:\\xampp\\htdocs...')
#14 {main}
CRITICAL - 2023-06-21 03:36:40 --> Column 'nama_film' cannot be null
in SYSTEMPATH\Database\MySQLi\Connection.php on line 295.
 1 SYSTEMPATH\Database\MySQLi\Connection.php(295): mysqli->query('INSERT INTO `film` (`nama_film`, `id_genre`, `duration`, `cover`) VALUES (NULL, \'1\', \'1 jam\', \'1687318600_56808f68865b95539b90.jpg\')', 0)
 2 SYSTEMPATH\Database\BaseConnection.php(692): CodeIgniter\Database\MySQLi\Connection->execute('INSERT INTO `film` (`nama_film`, `id_genre`, `duration`, `cover`) VALUES (NULL, \'1\', \'1 jam\', \'1687318600_56808f68865b95539b90.jpg\')')
 3 SYSTEMPATH\Database\BaseConnection.php(606): CodeIgniter\Database\BaseConnection->simpleQuery('INSERT INTO `film` (`nama_film`, `id_genre`, `duration`, `cover`) VALUES (NULL, \'1\', \'1 jam\', \'1687318600_56808f68865b95539b90.jpg\')')
 4 SYSTEMPATH\Database\BaseBuilder.php(2309): CodeIgniter\Database\BaseConnection->query('INSERT INTO `film` (`nama_film`, `id_genre`, `duration`, `cover`) VALUES (:nama_film:, :id_genre:, :duration:, :cover:)', [...], false)
 5 SYSTEMPATH\Model.php(330): CodeIgniter\Database\BaseBuilder->insert()
 6 SYSTEMPATH\BaseModel.php(782): CodeIgniter\Model->doInsert([...])
 7 SYSTEMPATH\Model.php(730): CodeIgniter\BaseModel->insert([...], false)
 8 SYSTEMPATH\BaseModel.php(692): CodeIgniter\Model->insert([...], false)
 9 APPPATH\Controllers\Film.php(58): CodeIgniter\BaseModel->save([...])
10 SYSTEMPATH\CodeIgniter.php(934): App\Controllers\Film->store()
11 SYSTEMPATH\CodeIgniter.php(499): CodeIgniter\CodeIgniter->runController(Object(App\Controllers\Film))
12 SYSTEMPATH\CodeIgniter.php(368): CodeIgniter\CodeIgniter->handleRequest(null, Object(Config\Cache), false)
13 FCPATH\index.php(67): CodeIgniter\CodeIgniter->run()
14 SYSTEMPATH\Commands\Server\rewrite.php(47): require_once('C:\\xampp\\htdocs\\CI4Ade\\public\\index.php')
ERROR - 2023-06-21 03:42:50 --> mysqli_sql_exception: Column 'nama_film' cannot be null in C:\xampp\htdocs\CI4Ade\system\Database\MySQLi\Connection.php:295
Stack trace:
#0 C:\xampp\htdocs\CI4Ade\system\Database\MySQLi\Connection.php(295): mysqli->query('INSERT INTO `fi...', 0)
#1 C:\xampp\htdocs\CI4Ade\system\Database\BaseConnection.php(692): CodeIgniter\Database\MySQLi\Connection->execute('INSERT INTO `fi...')
#2 C:\xampp\htdocs\CI4Ade\system\Database\BaseConnection.php(606): CodeIgniter\Database\BaseConnection->simpleQuery('INSERT INTO `fi...')
#3 C:\xampp\htdocs\CI4Ade\system\Database\BaseBuilder.php(2309): CodeIgniter\Database\BaseConnection->query('INSERT INTO `fi...', Array, false)
#4 C:\xampp\htdocs\CI4Ade\system\Model.php(330): CodeIgniter\Database\BaseBuilder->insert()
#5 C:\xampp\htdocs\CI4Ade\system\BaseModel.php(782): CodeIgniter\Model->doInsert(Array)
#6 C:\xampp\htdocs\CI4Ade\system\Model.php(730): CodeIgniter\BaseModel->insert(Array, false)
#7 C:\xampp\htdocs\CI4Ade\system\BaseModel.php(692): CodeIgniter\Model->insert(Array, false)
#8 C:\xampp\htdocs\CI4Ade\app\Controllers\Film.php(58): CodeIgniter\BaseModel->save(Array)
#9 C:\xampp\htdocs\CI4Ade\system\CodeIgniter.php(934): App\Controllers\Film->store()
#10 C:\xampp\htdocs\CI4Ade\system\CodeIgniter.php(499): CodeIgniter\CodeIgniter->runController(Object(App\Controllers\Film))
#11 C:\xampp\htdocs\CI4Ade\system\CodeIgniter.php(368): CodeIgniter\CodeIgniter->handleRequest(NULL, Object(Config\Cache), false)
#12 C:\xampp\htdocs\CI4Ade\public\index.php(67): CodeIgniter\CodeIgniter->run()
#13 C:\xampp\htdocs\CI4Ade\system\Commands\Server\rewrite.php(47): require_once('C:\\xampp\\htdocs...')
#14 {main}
CRITICAL - 2023-06-21 03:42:50 --> Column 'nama_film' cannot be null
in SYSTEMPATH\Database\MySQLi\Connection.php on line 295.
 1 SYSTEMPATH\Database\MySQLi\Connection.php(295): mysqli->query('INSERT INTO `film` (`nama_film`, `id_genre`, `duration`, `cover`) VALUES (NULL, \'3\', \'1 jam\', \'1687318970_ef9950943abb5530e368.jpg\')', 0)
 2 SYSTEMPATH\Database\BaseConnection.php(692): CodeIgniter\Database\MySQLi\Connection->execute('INSERT INTO `film` (`nama_film`, `id_genre`, `duration`, `cover`) VALUES (NULL, \'3\', \'1 jam\', \'1687318970_ef9950943abb5530e368.jpg\')')
 3 SYSTEMPATH\Database\BaseConnection.php(606): CodeIgniter\Database\BaseConnection->simpleQuery('INSERT INTO `film` (`nama_film`, `id_genre`, `duration`, `cover`) VALUES (NULL, \'3\', \'1 jam\', \'1687318970_ef9950943abb5530e368.jpg\')')
 4 SYSTEMPATH\Database\BaseBuilder.php(2309): CodeIgniter\Database\BaseConnection->query('INSERT INTO `film` (`nama_film`, `id_genre`, `duration`, `cover`) VALUES (:nama_film:, :id_genre:, :duration:, :cover:)', [...], false)
 5 SYSTEMPATH\Model.php(330): CodeIgniter\Database\BaseBuilder->insert()
 6 SYSTEMPATH\BaseModel.php(782): CodeIgniter\Model->doInsert([...])
 7 SYSTEMPATH\Model.php(730): CodeIgniter\BaseModel->insert([...], false)
 8 SYSTEMPATH\BaseModel.php(692): CodeIgniter\Model->insert([...], false)
 9 APPPATH\Controllers\Film.php(58): CodeIgniter\BaseModel->save([...])
10 SYSTEMPATH\CodeIgniter.php(934): App\Controllers\Film->store()
11 SYSTEMPATH\CodeIgniter.php(499): CodeIgniter\CodeIgniter->runController(Object(App\Controllers\Film))
12 SYSTEMPATH\CodeIgniter.php(368): CodeIgniter\CodeIgniter->handleRequest(null, Object(Config\Cache), false)
13 FCPATH\index.php(67): CodeIgniter\CodeIgniter->run()
14 SYSTEMPATH\Commands\Server\rewrite.php(47): require_once('C:\\xampp\\htdocs\\CI4Ade\\public\\index.php')
INFO - 2023-06-21 04:16:01 --> Session: Class initialized using 'CodeIgniter\Session\Handlers\FileHandler' driver.
INFO - 2023-06-21 04:16:06 --> Session: Class initialized using 'CodeIgniter\Session\Handlers\FileHandler' driver.
CRITICAL - 2023-06-21 04:16:06 --> Undefined array key "id"
in APPPATH\Views\film\add.php on line 35.
 1 APPPATH\Views\film\add.php(35): CodeIgniter\Debug\Exceptions->errorHandler(2, 'Undefined array key "id"', 'C:\\xampp\\htdocs\\CI4Ade\\app\\Views\\film\\add.php', 35)
 2 SYSTEMPATH\View\View.php(213): include('C:\\xampp\\htdocs\\CI4Ade\\app\\Views\\film\\add.php')
 3 SYSTEMPATH\View\View.php(216): CodeIgniter\View\View->CodeIgniter\View\{closure}()
 4 SYSTEMPATH\Common.php(1184): CodeIgniter\View\View->render('film/add', [], true)
 5 APPPATH\Controllers\Film.php(42): view('film/add', [...])
 6 SYSTEMPATH\CodeIgniter.php(934): App\Controllers\Film->add()
 7 SYSTEMPATH\CodeIgniter.php(499): CodeIgniter\CodeIgniter->runController(Object(App\Controllers\Film))
 8 SYSTEMPATH\CodeIgniter.php(368): CodeIgniter\CodeIgniter->handleRequest(null, Object(Config\Cache), false)
 9 FCPATH\index.php(67): CodeIgniter\CodeIgniter->run()
10 SYSTEMPATH\Commands\Server\rewrite.php(47): require_once('C:\\xampp\\htdocs\\CI4Ade\\public\\index.php')
INFO - 2023-06-21 04:16:31 --> Session: Class initialized using 'CodeIgniter\Session\Handlers\FileHandler' driver.
INFO - 2023-06-21 04:16:33 --> Session: Class initialized using 'CodeIgniter\Session\Handlers\FileHandler' driver.
INFO - 2023-06-21 04:16:59 --> Session: Class initialized using 'CodeIgniter\Session\Handlers\FileHandler' driver.
INFO - 2023-06-21 04:17:00 --> Session: Class initialized using 'CodeIgniter\Session\Handlers\FileHandler' driver.
CRITICAL - 2023-06-21 04:21:39 --> Undefined array key "id"
in APPPATH\Views\film\index.php on line 50.
 1 APPPATH\Views\film\index.php(50): CodeIgniter\Debug\Exceptions->errorHandler(2, 'Undefined array key "id"', 'C:\\xampp\\htdocs\\CI4Ade\\app\\Views\\film\\index.php', 50)
 2 SYSTEMPATH\View\View.php(213): include('C:\\xampp\\htdocs\\CI4Ade\\app\\Views\\film\\index.php')
 3 SYSTEMPATH\View\View.php(216): CodeIgniter\View\View->CodeIgniter\View\{closure}()
 4 SYSTEMPATH\Common.php(1184): CodeIgniter\View\View->render('film/index', [], true)
 5 APPPATH\Controllers\Film.php(30): view('film/index', [...])
 6 SYSTEMPATH\CodeIgniter.php(934): App\Controllers\Film->index()
 7 SYSTEMPATH\CodeIgniter.php(499): CodeIgniter\CodeIgniter->runController(Object(App\Controllers\Film))
 8 SYSTEMPATH\CodeIgniter.php(368): CodeIgniter\CodeIgniter->handleRequest(null, Object(Config\Cache), false)
 9 FCPATH\index.php(67): CodeIgniter\CodeIgniter->run()
10 SYSTEMPATH\Commands\Server\rewrite.php(47): require_once('C:\\xampp\\htdocs\\CI4Ade\\public\\index.php')
INFO - 2023-06-21 04:21:50 --> Session: Class initialized using 'CodeIgniter\Session\Handlers\FileHandler' driver.
INFO - 2023-06-21 04:21:55 --> Session: Class initialized using 'CodeIgniter\Session\Handlers\FileHandler' driver.
INFO - 2023-06-21 04:22:06 --> Session: Class initialized using 'CodeIgniter\Session\Handlers\FileHandler' driver.
INFO - 2023-06-21 08:07:30 --> Session: Class initialized using 'CodeIgniter\Session\Handlers\FileHandler' driver.
ERROR - 2023-06-21 08:07:30 --> mysqli_sql_exception: Unknown column 'film.id' in 'where clause' in C:\xampp\htdocs\CI4Ade\system\Database\MySQLi\Connection.php:295
Stack trace:
#0 C:\xampp\htdocs\CI4Ade\system\Database\MySQLi\Connection.php(295): mysqli->query('SELECT *\nFROM `...', 0)
#1 C:\xampp\htdocs\CI4Ade\system\Database\BaseConnection.php(692): CodeIgniter\Database\MySQLi\Connection->execute('SELECT *\nFROM `...')
#2 C:\xampp\htdocs\CI4Ade\system\Database\BaseConnection.php(606): CodeIgniter\Database\BaseConnection->simpleQuery('SELECT *\nFROM `...')
#3 C:\xampp\htdocs\CI4Ade\system\Database\BaseBuilder.php(1616): CodeIgniter\Database\BaseConnection->query('SELECT *\nFROM `...', Array, false)
#4 C:\xampp\htdocs\CI4Ade\system\Model.php(200): CodeIgniter\Database\BaseBuilder->get()
#5 C:\xampp\htdocs\CI4Ade\system\BaseModel.php(557): CodeIgniter\Model->doFind(true, '1')
#6 C:\xampp\htdocs\CI4Ade\app\Models\FilmModel.php(70): CodeIgniter\BaseModel->find('1')
#7 C:\xampp\htdocs\CI4Ade\app\Controllers\Film.php(100): App\Models\FilmModel->getDataByID('1')
#8 C:\xampp\htdocs\CI4Ade\system\CodeIgniter.php(934): App\Controllers\Film->update('1')
#9 C:\xampp\htdocs\CI4Ade\system\CodeIgniter.php(499): CodeIgniter\CodeIgniter->runController(Object(App\Controllers\Film))
#10 C:\xampp\htdocs\CI4Ade\system\CodeIgniter.php(368): CodeIgniter\CodeIgniter->handleRequest(NULL, Object(Config\Cache), false)
#11 C:\xampp\htdocs\CI4Ade\public\index.php(67): CodeIgniter\CodeIgniter->run()
#12 C:\xampp\htdocs\CI4Ade\system\Commands\Server\rewrite.php(47): require_once('C:\\xampp\\htdocs...')
#13 {main}
CRITICAL - 2023-06-21 08:07:30 --> Unknown column 'film.id' in 'where clause'
in SYSTEMPATH\Database\MySQLi\Connection.php on line 295.
 1 SYSTEMPATH\Database\MySQLi\Connection.php(295): mysqli->query('SELECT *
FROM `film`
WHERE `film`.`id` = \'1\'', 0)
 2 SYSTEMPATH\Database\BaseConnection.php(692): CodeIgniter\Database\MySQLi\Connection->execute('SELECT *
FROM `film`
WHERE `film`.`id` = \'1\'')
 3 SYSTEMPATH\Database\BaseConnection.php(606): CodeIgniter\Database\BaseConnection->simpleQuery('SELECT *
FROM `film`
WHERE `film`.`id` = \'1\'')
 4 SYSTEMPATH\Database\BaseBuilder.php(1616): CodeIgniter\Database\BaseConnection->query('SELECT *
FROM `film`
WHERE `film`.`id` = :film.id:', [...], false)
 5 SYSTEMPATH\Model.php(200): CodeIgniter\Database\BaseBuilder->get()
 6 SYSTEMPATH\BaseModel.php(557): CodeIgniter\Model->doFind(true, '1')
 7 APPPATH\Models\FilmModel.php(70): CodeIgniter\BaseModel->find('1')
 8 APPPATH\Controllers\Film.php(100): App\Models\FilmModel->getDataByID('1')
 9 SYSTEMPATH\CodeIgniter.php(934): App\Controllers\Film->update('1')
10 SYSTEMPATH\CodeIgniter.php(499): CodeIgniter\CodeIgniter->runController(Object(App\Controllers\Film))
11 SYSTEMPATH\CodeIgniter.php(368): CodeIgniter\CodeIgniter->handleRequest(null, Object(Config\Cache), false)
12 FCPATH\index.php(67): CodeIgniter\CodeIgniter->run()
13 SYSTEMPATH\Commands\Server\rewrite.php(47): require_once('C:\\xampp\\htdocs\\CI4Ade\\public\\index.php')
INFO - 2023-06-21 08:07:38 --> Session: Class initialized using 'CodeIgniter\Session\Handlers\FileHandler' driver.
INFO - 2023-06-21 08:07:42 --> Session: Class initialized using 'CodeIgniter\Session\Handlers\FileHandler' driver.
INFO - 2023-06-21 08:07:44 --> Session: Class initialized using 'CodeIgniter\Session\Handlers\FileHandler' driver.
ERROR - 2023-06-21 08:07:44 --> mysqli_sql_exception: Unknown column 'film.id' in 'where clause' in C:\xampp\htdocs\CI4Ade\system\Database\MySQLi\Connection.php:295
Stack trace:
#0 C:\xampp\htdocs\CI4Ade\system\Database\MySQLi\Connection.php(295): mysqli->query('SELECT *\nFROM `...', 0)
#1 C:\xampp\htdocs\CI4Ade\system\Database\BaseConnection.php(692): CodeIgniter\Database\MySQLi\Connection->execute('SELECT *\nFROM `...')
#2 C:\xampp\htdocs\CI4Ade\system\Database\BaseConnection.php(606): CodeIgniter\Database\BaseConnection->simpleQuery('SELECT *\nFROM `...')
#3 C:\xampp\htdocs\CI4Ade\system\Database\BaseBuilder.php(1616): CodeIgniter\Database\BaseConnection->query('SELECT *\nFROM `...', Array, false)
#4 C:\xampp\htdocs\CI4Ade\system\Model.php(200): CodeIgniter\Database\BaseBuilder->get()
#5 C:\xampp\htdocs\CI4Ade\system\BaseModel.php(557): CodeIgniter\Model->doFind(true, '1')
#6 C:\xampp\htdocs\CI4Ade\app\Models\FilmModel.php(70): CodeIgniter\BaseModel->find('1')
#7 C:\xampp\htdocs\CI4Ade\app\Controllers\Film.php(100): App\Models\FilmModel->getDataByID('1')
#8 C:\xampp\htdocs\CI4Ade\system\CodeIgniter.php(934): App\Controllers\Film->update('1')
#9 C:\xampp\htdocs\CI4Ade\system\CodeIgniter.php(499): CodeIgniter\CodeIgniter->runController(Object(App\Controllers\Film))
#10 C:\xampp\htdocs\CI4Ade\system\CodeIgniter.php(368): CodeIgniter\CodeIgniter->handleRequest(NULL, Object(Config\Cache), false)
#11 C:\xampp\htdocs\CI4Ade\public\index.php(67): CodeIgniter\CodeIgniter->run()
#12 C:\xampp\htdocs\CI4Ade\system\Commands\Server\rewrite.php(47): require_once('C:\\xampp\\htdocs...')
#13 {main}
CRITICAL - 2023-06-21 08:07:44 --> Unknown column 'film.id' in 'where clause'
in SYSTEMPATH\Database\MySQLi\Connection.php on line 295.
 1 SYSTEMPATH\Database\MySQLi\Connection.php(295): mysqli->query('SELECT *
FROM `film`
WHERE `film`.`id` = \'1\'', 0)
 2 SYSTEMPATH\Database\BaseConnection.php(692): CodeIgniter\Database\MySQLi\Connection->execute('SELECT *
FROM `film`
WHERE `film`.`id` = \'1\'')
 3 SYSTEMPATH\Database\BaseConnection.php(606): CodeIgniter\Database\BaseConnection->simpleQuery('SELECT *
FROM `film`
WHERE `film`.`id` = \'1\'')
 4 SYSTEMPATH\Database\BaseBuilder.php(1616): CodeIgniter\Database\BaseConnection->query('SELECT *
FROM `film`
WHERE `film`.`id` = :film.id:', [...], false)
 5 SYSTEMPATH\Model.php(200): CodeIgniter\Database\BaseBuilder->get()
 6 SYSTEMPATH\BaseModel.php(557): CodeIgniter\Model->doFind(true, '1')
 7 APPPATH\Models\FilmModel.php(70): CodeIgniter\BaseModel->find('1')
 8 APPPATH\Controllers\Film.php(100): App\Models\FilmModel->getDataByID('1')
 9 SYSTEMPATH\CodeIgniter.php(934): App\Controllers\Film->update('1')
10 SYSTEMPATH\CodeIgniter.php(499): CodeIgniter\CodeIgniter->runController(Object(App\Controllers\Film))
11 SYSTEMPATH\CodeIgniter.php(368): CodeIgniter\CodeIgniter->handleRequest(null, Object(Config\Cache), false)
12 FCPATH\index.php(67): CodeIgniter\CodeIgniter->run()
13 SYSTEMPATH\Commands\Server\rewrite.php(47): require_once('C:\\xampp\\htdocs\\CI4Ade\\public\\index.php')
INFO - 2023-06-21 08:07:48 --> Session: Class initialized using 'CodeIgniter\Session\Handlers\FileHandler' driver.
